<?xml version="1.0" encoding="UTF-8"?><testsuites><testsuite id="0" name="ArmPkg" package="Edk2CiBuild.Edk2.ArmPkg" errors="0" tests="12" failures="0" skipped="5"><testcase classname="Edk2CiBuild.Edk2.ArmPkg.LicenseCheck" name="Check for license for Edk2CiBuild.Edk2.ArmPkg" time="0.0031430721282958984"><system-out></system-out><system-err></system-err></testcase><testcase classname="Edk2CiBuild.Edk2.ArmPkg.LibraryClassCheck" name="Check library class declarations in Edk2CiBuild.Edk2.ArmPkg" time="0.0017273426055908203"><system-out></system-out><system-err></system-err></testcase><testcase classname="Edk2CiBuild.Edk2.ArmPkg.GuidCheck" name="Confirm GUIDs are unique in Edk2CiBuild.Edk2.ArmPkg" time="1.6874635219573975"><system-out></system-out><system-err></system-err></testcase><testcase classname="Edk2CiBuild.Edk2.ArmPkg.HostUnitTestDscCompleteCheck" name="Check the Edk2CiBuild.Edk2.ArmPkg Host Unit Test DSC for a being complete" time="9.441375732421875e-05"><skipped type="skipped"></skipped><system-out></system-out><system-err>Package Host Unit Test Dsc not found
 </system-err></testcase><testcase classname="Edk2CiBuild.Edk2.ArmPkg.HostUnitTestCompiler.X64" name="Compile and Run Host-Based UnitTests for Edk2CiBuild.Edk2.ArmPkg on arch X64" time="0.0001068115234375"><skipped type="skipped"></skipped><system-out></system-out><system-err>Package HostBasedUnitTest Dsc not found.
 </system-err></testcase><testcase classname="Edk2CiBuild.Edk2.ArmPkg.SpellCheck" name="Spell check files in Edk2CiBuild.Edk2.ArmPkg" time="0.017086267471313477"><skipped type="skipped">Node version: v12.21.0
 </skipped><system-out>Node version: v12.21.0
 </system-out><system-err>cspell not installed.  Test can't run
 </system-err></testcase><testcase classname="Edk2CiBuild.Edk2.ArmPkg.CharEncodingCheck" name="Check for valid file encoding for Edk2CiBuild.Edk2.ArmPkg" time="0.0959010124206543"><system-out>Tested Encoding on 737 files
 </system-out><system-err></system-err></testcase><testcase classname="Edk2CiBuild.Edk2.ArmPkg.Compiler.DEBUG" name="Compile Edk2CiBuild.Edk2.ArmPkg DEBUG" time="0.005276918411254883"><skipped type="skipped"></skipped><system-out></system-out><system-err>No supported architecutres to build
 </system-err></testcase><testcase classname="Edk2CiBuild.Edk2.ArmPkg.Compiler.RELEASE" name="Compile Edk2CiBuild.Edk2.ArmPkg RELEASE" time="0.0050890445709228516"><skipped type="skipped"></skipped><system-out></system-out><system-err>No supported architecutres to build
 </system-err></testcase><testcase classname="Edk2CiBuild.Edk2.ArmPkg.DscCompleteCheck" name="Check the Edk2CiBuild.Edk2.ArmPkg DSC for a being complete" time="0.010010004043579102"><system-out></system-out><system-err></system-err></testcase><testcase classname="Edk2CiBuild.Edk2.ArmPkg.DependencyCheck" name="Test Package Dependencies for modules in Edk2CiBuild.Edk2.ArmPkg" time="0.017482519149780273"><system-out>Acceptable Dependencies:
 ArmPlatformPkg/ArmPlatformPkg.dec
ArmPkg/ArmPkg.dec
EmbeddedPkg/EmbeddedPkg.dec
MdeModulePkg/MdeModulePkg.dec
MdePkg/MdePkg.dec
ShellPkg/ShellPkg.dec
 Additional dependencies for MODULE_TYPE HOST_APPLICATION:
 UnitTestFrameworkPkg/UnitTestFrameworkPkg.dec
 Additional dependencies for MODULE_TYPE UEFI_APPLICATION:
 </system-out><system-err></system-err></testcase><testcase classname="Edk2CiBuild.Edk2.ArmPkg.EccCheck" name="Check for efi coding style for Edk2CiBuild.Edk2.ArmPkg" time="0.1345221996307373"><system-out></system-out><system-err></system-err></testcase></testsuite><testsuite id="1" name="ArmPlatformPkg" package="Edk2CiBuild.Edk2.ArmPlatformPkg" errors="0" tests="12" failures="0" skipped="5"><testcase classname="Edk2CiBuild.Edk2.ArmPlatformPkg.LicenseCheck" name="Check for license for Edk2CiBuild.Edk2.ArmPlatformPkg" time="0.003259897232055664"><system-out></system-out><system-err></system-err></testcase><testcase classname="Edk2CiBuild.Edk2.ArmPlatformPkg.LibraryClassCheck" name="Check library class declarations in Edk2CiBuild.Edk2.ArmPlatformPkg" time="0.0009016990661621094"><system-out></system-out><system-err></system-err></testcase><testcase classname="Edk2CiBuild.Edk2.ArmPlatformPkg.GuidCheck" name="Confirm GUIDs are unique in Edk2CiBuild.Edk2.ArmPlatformPkg" time="1.6836271286010742"><system-out></system-out><system-err></system-err></testcase><testcase classname="Edk2CiBuild.Edk2.ArmPlatformPkg.HostUnitTestDscCompleteCheck" name="Check the Edk2CiBuild.Edk2.ArmPlatformPkg Host Unit Test DSC for a being complete" time="0.00010228157043457031"><skipped type="skipped"></skipped><system-out></system-out><system-err>Package Host Unit Test Dsc not found
 </system-err></testcase><testcase classname="Edk2CiBuild.Edk2.ArmPlatformPkg.HostUnitTestCompiler.X64" name="Compile and Run Host-Based UnitTests for Edk2CiBuild.Edk2.ArmPlatformPkg on arch X64" time="0.00010824203491210938"><skipped type="skipped"></skipped><system-out></system-out><system-err>Package HostBasedUnitTest Dsc not found.
 </system-err></testcase><testcase classname="Edk2CiBuild.Edk2.ArmPlatformPkg.SpellCheck" name="Spell check files in Edk2CiBuild.Edk2.ArmPlatformPkg" time="0.016550779342651367"><skipped type="skipped">Node version: v12.21.0
 </skipped><system-out>Node version: v12.21.0
 </system-out><system-err>cspell not installed.  Test can't run
 </system-err></testcase><testcase classname="Edk2CiBuild.Edk2.ArmPlatformPkg.CharEncodingCheck" name="Check for valid file encoding for Edk2CiBuild.Edk2.ArmPlatformPkg" time="0.01679253578186035"><system-out>Tested Encoding on 107 files
 </system-out><system-err></system-err></testcase><testcase classname="Edk2CiBuild.Edk2.ArmPlatformPkg.Compiler.DEBUG" name="Compile Edk2CiBuild.Edk2.ArmPlatformPkg DEBUG" time="0.004960775375366211"><skipped type="skipped"></skipped><system-out></system-out><system-err>No supported architecutres to build
 </system-err></testcase><testcase classname="Edk2CiBuild.Edk2.ArmPlatformPkg.Compiler.RELEASE" name="Compile Edk2CiBuild.Edk2.ArmPlatformPkg RELEASE" time="0.004534006118774414"><skipped type="skipped"></skipped><system-out></system-out><system-err>No supported architecutres to build
 </system-err></testcase><testcase classname="Edk2CiBuild.Edk2.ArmPlatformPkg.DscCompleteCheck" name="Check the Edk2CiBuild.Edk2.ArmPlatformPkg DSC for a being complete" time="0.008021116256713867"><system-out></system-out><system-err></system-err></testcase><testcase classname="Edk2CiBuild.Edk2.ArmPlatformPkg.DependencyCheck" name="Test Package Dependencies for modules in Edk2CiBuild.Edk2.ArmPlatformPkg" time="0.009629011154174805"><system-out>Acceptable Dependencies:
 ArmPlatformPkg/ArmPlatformPkg.dec
ArmPkg/ArmPkg.dec
EmbeddedPkg/EmbeddedPkg.dec
MdeModulePkg/MdeModulePkg.dec
MdePkg/MdePkg.dec
 Additional dependencies for MODULE_TYPE HOST_APPLICATION:
 UnitTestFrameworkPkg/UnitTestFrameworkPkg.dec
 Additional dependencies for MODULE_TYPE UEFI_APPLICATION:
 </system-out><system-err></system-err></testcase><testcase classname="Edk2CiBuild.Edk2.ArmPlatformPkg.EccCheck" name="Check for efi coding style for Edk2CiBuild.Edk2.ArmPlatformPkg" time="0.10050368309020996"><system-out></system-out><system-err></system-err></testcase></testsuite><testsuite id="2" name="ArmVirtPkg" package="Edk2CiBuild.Edk2.ArmVirtPkg" errors="0" tests="12" failures="0" skipped="6"><testcase classname="Edk2CiBuild.Edk2.ArmVirtPkg.LicenseCheck" name="Check for license for Edk2CiBuild.Edk2.ArmVirtPkg" time="0.002810955047607422"><system-out></system-out><system-err></system-err></testcase><testcase classname="Edk2CiBuild.Edk2.ArmVirtPkg.LibraryClassCheck" name="Check library class declarations in Edk2CiBuild.Edk2.ArmVirtPkg" time="0.0005433559417724609"><system-out></system-out><system-err></system-err></testcase><testcase classname="Edk2CiBuild.Edk2.ArmVirtPkg.GuidCheck" name="Confirm GUIDs are unique in Edk2CiBuild.Edk2.ArmVirtPkg" time="1.6923377513885498"><system-out></system-out><system-err></system-err></testcase><testcase classname="Edk2CiBuild.Edk2.ArmVirtPkg.HostUnitTestDscCompleteCheck" name="Check the Edk2CiBuild.Edk2.ArmVirtPkg Host Unit Test DSC for a being complete" time="9.1552734375e-05"><skipped type="skipped"></skipped><system-out></system-out><system-err>Package Host Unit Test Dsc not found
 </system-err></testcase><testcase classname="Edk2CiBuild.Edk2.ArmVirtPkg.HostUnitTestCompiler.X64" name="Compile and Run Host-Based UnitTests for Edk2CiBuild.Edk2.ArmVirtPkg on arch X64" time="0.00010800361633300781"><skipped type="skipped"></skipped><system-out></system-out><system-err>Package HostBasedUnitTest Dsc not found.
 </system-err></testcase><testcase classname="Edk2CiBuild.Edk2.ArmVirtPkg.SpellCheck" name="Spell check files in Edk2CiBuild.Edk2.ArmVirtPkg" time="0.016999006271362305"><skipped type="skipped">Node version: v12.21.0
 </skipped><system-out>Node version: v12.21.0
 </system-out><system-err>cspell not installed.  Test can't run
 </system-err></testcase><testcase classname="Edk2CiBuild.Edk2.ArmVirtPkg.CharEncodingCheck" name="Check for valid file encoding for Edk2CiBuild.Edk2.ArmVirtPkg" time="0.016764402389526367"><system-out>Tested Encoding on 97 files
 </system-out><system-err></system-err></testcase><testcase classname="Edk2CiBuild.Edk2.ArmVirtPkg.Compiler.DEBUG" name="Compile Edk2CiBuild.Edk2.ArmVirtPkg DEBUG" time="7.724761962890625e-05"><skipped type="skipped"></skipped><system-out></system-out><system-err>Package Dsc not found.
 </system-err></testcase><testcase classname="Edk2CiBuild.Edk2.ArmVirtPkg.Compiler.RELEASE" name="Compile Edk2CiBuild.Edk2.ArmVirtPkg RELEASE" time="7.033348083496094e-05"><skipped type="skipped"></skipped><system-out></system-out><system-err>Package Dsc not found.
 </system-err></testcase><testcase classname="Edk2CiBuild.Edk2.ArmVirtPkg.DscCompleteCheck" name="Check the Edk2CiBuild.Edk2.ArmVirtPkg DSC for a being complete" time="7.081031799316406e-05"><skipped type="skipped"></skipped><system-out></system-out><system-err>Package Dsc not found
 </system-err></testcase><testcase classname="Edk2CiBuild.Edk2.ArmVirtPkg.DependencyCheck" name="Test Package Dependencies for modules in Edk2CiBuild.Edk2.ArmVirtPkg" time="0.014774560928344727"><system-out>Acceptable Dependencies:
 MdePkg/MdePkg.dec
MdeModulePkg/MdeModulePkg.dec
ArmVirtPkg/ArmVirtPkg.dec
NetworkPkg/NetworkPkg.dec
ArmPkg/ArmPkg.dec
OvmfPkg/OvmfPkg.dec
EmbeddedPkg/EmbeddedPkg.dec
ArmPlatformPkg/ArmPlatformPkg.dec
PcAtChipsetPkg/PcAtChipsetPkg.dec
SecurityPkg/SecurityPkg.dec
ShellPkg/ShellPkg.dec
 Additional dependencies for MODULE_TYPE HOST_APPLICATION:
 UnitTestFrameworkPkg/UnitTestFrameworkPkg.dec
 Additional dependencies for MODULE_TYPE UEFI_APPLICATION:
 </system-out><system-err></system-err></testcase><testcase classname="Edk2CiBuild.Edk2.ArmVirtPkg.EccCheck" name="Check for efi coding style for Edk2CiBuild.Edk2.ArmVirtPkg" time="0.09944868087768555"><system-out></system-out><system-err></system-err></testcase></testsuite><testsuite id="3" name="DynamicTablesPkg" package="Edk2CiBuild.Edk2.DynamicTablesPkg" errors="0" tests="12" failures="0" skipped="5"><testcase classname="Edk2CiBuild.Edk2.DynamicTablesPkg.LicenseCheck" name="Check for license for Edk2CiBuild.Edk2.DynamicTablesPkg" time="0.0032806396484375"><system-out></system-out><system-err></system-err></testcase><testcase classname="Edk2CiBuild.Edk2.DynamicTablesPkg.LibraryClassCheck" name="Check library class declarations in Edk2CiBuild.Edk2.DynamicTablesPkg" time="0.0006582736968994141"><system-out></system-out><system-err></system-err></testcase><testcase classname="Edk2CiBuild.Edk2.DynamicTablesPkg.GuidCheck" name="Confirm GUIDs are unique in Edk2CiBuild.Edk2.DynamicTablesPkg" time="1.6750004291534424"><system-out></system-out><system-err></system-err></testcase><testcase classname="Edk2CiBuild.Edk2.DynamicTablesPkg.HostUnitTestDscCompleteCheck" name="Check the Edk2CiBuild.Edk2.DynamicTablesPkg Host Unit Test DSC for a being complete" time="9.202957153320312e-05"><skipped type="skipped"></skipped><system-out></system-out><system-err>Package Host Unit Test Dsc not found
 </system-err></testcase><testcase classname="Edk2CiBuild.Edk2.DynamicTablesPkg.HostUnitTestCompiler.X64" name="Compile and Run Host-Based UnitTests for Edk2CiBuild.Edk2.DynamicTablesPkg on arch X64" time="0.00010800361633300781"><skipped type="skipped"></skipped><system-out></system-out><system-err>Package HostBasedUnitTest Dsc not found.
 </system-err></testcase><testcase classname="Edk2CiBuild.Edk2.DynamicTablesPkg.SpellCheck" name="Spell check files in Edk2CiBuild.Edk2.DynamicTablesPkg" time="0.016464710235595703"><skipped type="skipped">Node version: v12.21.0
 </skipped><system-out>Node version: v12.21.0
 </system-out><system-err>cspell not installed.  Test can't run
 </system-err></testcase><testcase classname="Edk2CiBuild.Edk2.DynamicTablesPkg.CharEncodingCheck" name="Check for valid file encoding for Edk2CiBuild.Edk2.DynamicTablesPkg" time="0.01695394515991211"><system-out>Tested Encoding on 103 files
 </system-out><system-err></system-err></testcase><testcase classname="Edk2CiBuild.Edk2.DynamicTablesPkg.Compiler.DEBUG" name="Compile Edk2CiBuild.Edk2.DynamicTablesPkg DEBUG" time="0.00449824333190918"><skipped type="skipped"></skipped><system-out></system-out><system-err>No supported architecutres to build
 </system-err></testcase><testcase classname="Edk2CiBuild.Edk2.DynamicTablesPkg.Compiler.RELEASE" name="Compile Edk2CiBuild.Edk2.DynamicTablesPkg RELEASE" time="0.003504037857055664"><skipped type="skipped"></skipped><system-out></system-out><system-err>No supported architecutres to build
 </system-err></testcase><testcase classname="Edk2CiBuild.Edk2.DynamicTablesPkg.DscCompleteCheck" name="Check the Edk2CiBuild.Edk2.DynamicTablesPkg DSC for a being complete" time="0.005120754241943359"><system-out></system-out><system-err></system-err></testcase><testcase classname="Edk2CiBuild.Edk2.DynamicTablesPkg.DependencyCheck" name="Test Package Dependencies for modules in Edk2CiBuild.Edk2.DynamicTablesPkg" time="0.007637739181518555"><system-out>Acceptable Dependencies:
 ArmPlatformPkg/ArmPlatformPkg.dec
EmbeddedPkg/EmbeddedPkg.dec
DynamicTablesPkg/DynamicTablesPkg.dec
MdeModulePkg/MdeModulePkg.dec
MdePkg/MdePkg.dec
 Additional dependencies for MODULE_TYPE HOST_APPLICATION:
 UnitTestFrameworkPkg/UnitTestFrameworkPkg.dec
 Additional dependencies for MODULE_TYPE UEFI_APPLICATION:
 </system-out><system-err></system-err></testcase><testcase classname="Edk2CiBuild.Edk2.DynamicTablesPkg.EccCheck" name="Check for efi coding style for Edk2CiBuild.Edk2.DynamicTablesPkg" time="0.0988626480102539"><system-out></system-out><system-err></system-err></testcase></testsuite><testsuite id="4" name="EmulatorPkg" package="Edk2CiBuild.Edk2.EmulatorPkg" errors="0" tests="12" failures="0" skipped="6"><testcase classname="Edk2CiBuild.Edk2.EmulatorPkg.LicenseCheck" name="Check for license for Edk2CiBuild.Edk2.EmulatorPkg" time="0.003296375274658203"><system-out></system-out><system-err></system-err></testcase><testcase classname="Edk2CiBuild.Edk2.EmulatorPkg.LibraryClassCheck" name="Check library class declarations in Edk2CiBuild.Edk2.EmulatorPkg" time="0.0010821819305419922"><system-out></system-out><system-err></system-err></testcase><testcase classname="Edk2CiBuild.Edk2.EmulatorPkg.GuidCheck" name="Confirm GUIDs are unique in Edk2CiBuild.Edk2.EmulatorPkg" time="1.6924395561218262"><system-out></system-out><system-err></system-err></testcase><testcase classname="Edk2CiBuild.Edk2.EmulatorPkg.HostUnitTestDscCompleteCheck" name="Check the Edk2CiBuild.Edk2.EmulatorPkg Host Unit Test DSC for a being complete" time="9.608268737792969e-05"><skipped type="skipped"></skipped><system-out></system-out><system-err>Package Host Unit Test Dsc not found
 </system-err></testcase><testcase classname="Edk2CiBuild.Edk2.EmulatorPkg.HostUnitTestCompiler.X64" name="Compile and Run Host-Based UnitTests for Edk2CiBuild.Edk2.EmulatorPkg on arch X64" time="0.00010776519775390625"><skipped type="skipped"></skipped><system-out></system-out><system-err>Package HostBasedUnitTest Dsc not found.
 </system-err></testcase><testcase classname="Edk2CiBuild.Edk2.EmulatorPkg.SpellCheck" name="Spell check files in Edk2CiBuild.Edk2.EmulatorPkg" time="0.016357898712158203"><skipped type="skipped">Node version: v12.21.0
 </skipped><system-out>Node version: v12.21.0
 </system-out><system-err>cspell not installed.  Test can't run
 </system-err></testcase><testcase classname="Edk2CiBuild.Edk2.EmulatorPkg.CharEncodingCheck" name="Check for valid file encoding for Edk2CiBuild.Edk2.EmulatorPkg" time="0.027770519256591797"><system-out>Tested Encoding on 169 files
 </system-out><system-err></system-err></testcase><testcase classname="Edk2CiBuild.Edk2.EmulatorPkg.Compiler.DEBUG" name="Compile Edk2CiBuild.Edk2.EmulatorPkg DEBUG" time="8.082389831542969e-05"><skipped type="skipped"></skipped><system-out></system-out><system-err>Package Dsc not found.
 </system-err></testcase><testcase classname="Edk2CiBuild.Edk2.EmulatorPkg.Compiler.RELEASE" name="Compile Edk2CiBuild.Edk2.EmulatorPkg RELEASE" time="7.104873657226562e-05"><skipped type="skipped"></skipped><system-out></system-out><system-err>Package Dsc not found.
 </system-err></testcase><testcase classname="Edk2CiBuild.Edk2.EmulatorPkg.DscCompleteCheck" name="Check the Edk2CiBuild.Edk2.EmulatorPkg DSC for a being complete" time="7.367134094238281e-05"><skipped type="skipped"></skipped><system-out></system-out><system-err>Package Dsc not found
 </system-err></testcase><testcase classname="Edk2CiBuild.Edk2.EmulatorPkg.DependencyCheck" name="Test Package Dependencies for modules in Edk2CiBuild.Edk2.EmulatorPkg" time="0.01683354377746582"><system-out>Acceptable Dependencies:
 MdePkg/MdePkg.dec
MdeModulePkg/MdeModulePkg.dec
EmulatorPkg/EmulatorPkg.dec
NetworkPkg/NetworkPkg.dec
RedfishPkg/RedfishPkg.dec
EmbeddedPkg/EmbeddedPkg.dec
 Additional dependencies for MODULE_TYPE HOST_APPLICATION:
 UnitTestFrameworkPkg/UnitTestFrameworkPkg.dec
 Additional dependencies for MODULE_TYPE UEFI_APPLICATION:
 </system-out><system-err></system-err></testcase><testcase classname="Edk2CiBuild.Edk2.EmulatorPkg.EccCheck" name="Check for efi coding style for Edk2CiBuild.Edk2.EmulatorPkg" time="0.10141396522521973"><system-out></system-out><system-err></system-err></testcase></testsuite><testsuite id="5" name="MdePkg" package="Edk2CiBuild.Edk2.MdePkg" errors="0" tests="12" failures="0" skipped="1"><testcase classname="Edk2CiBuild.Edk2.MdePkg.LicenseCheck" name="Check for license for Edk2CiBuild.Edk2.MdePkg" time="0.0032477378845214844"><system-out></system-out><system-err></system-err></testcase><testcase classname="Edk2CiBuild.Edk2.MdePkg.LibraryClassCheck" name="Check library class declarations in Edk2CiBuild.Edk2.MdePkg" time="0.01054692268371582"><system-out></system-out><system-err></system-err></testcase><testcase classname="Edk2CiBuild.Edk2.MdePkg.GuidCheck" name="Confirm GUIDs are unique in Edk2CiBuild.Edk2.MdePkg" time="1.6807677745819092"><system-out>Ignoring Guid 00000000-0000-0000-0000-000000000000
 Ignoring Guid gEfiFirmwareVolumeTopFileGuid
 GuidCheck.IgnoreDuplicates -&gt; gEfiFirmwareVolumeBlockProtocolGuid=gEfiFirmwareVolumeBlock2ProtocolGuid
 GuidCheck.IgnoreDuplicates -&gt; gEfiMmAccessProtocolGuid=gEfiSmmAccess2ProtocolGuid
 GuidCheck.IgnoreDuplicates -&gt; gEfiSmmCommunicationProtocolGuid=gEfiMmCommunicationProtocolGuid
 GuidCheck.IgnoreDuplicates -&gt; gEfiMmPciRootBridgeIoProtocolGuid=gEfiSmmPciRootBridgeIoProtocolGuid
 GuidCheck.IgnoreDuplicates -&gt; gEfiTrEEProtocolGuid=gEfiTcg2ProtocolGuid
 GuidCheck.IgnoreDuplicates -&gt; gEfiSmmPowerButtonDispatch2ProtocolGuid=gEfiMmPowerButtonDispatchProtocolGuid
 GuidCheck.IgnoreDuplicates -&gt; gEfiSmmBase2ProtocolGuid=gEfiMmBaseProtocolGuid
 GuidCheck.IgnoreDuplicates -&gt; gEfiSmmUsbDispatch2ProtocolGuid=gEfiMmUsbDispatchProtocolGuid
 GuidCheck.IgnoreDuplicates -&gt; gEfiSmmCpuProtocolGuid=gEfiMmCpuProtocolGuid
 GuidCheck.IgnoreDuplicates -&gt; gEfiAcpiTableGuid=gEfiAcpi20TableGuid
 GuidCheck.IgnoreDuplicates -&gt; gEfiSmmControl2ProtocolGuid=gEfiMmControlProtocolGuid
 GuidCheck.IgnoreDuplicates -&gt; gEfiSmmStandbyButtonDispatch2ProtocolGuid=gEfiMmStandbyButtonDispatchProtocolGuid
 GuidCheck.IgnoreDuplicates -&gt; gEfiSmmStatusCodeProtocolGuid=gEfiMmStatusCodeProtocolGuid
 GuidCheck.IgnoreDuplicates -&gt; gEfiDxeSmmReadyToLockProtocolGuid=gEfiDxeMmReadyToLockProtocolGuid
 GuidCheck.IgnoreDuplicates -&gt; gEfiSmmIoTrapDispatch2ProtocolGuid=gEfiMmIoTrapDispatchProtocolGuid
 GuidCheck.IgnoreDuplicates -&gt; gEfiSmmReadyToLockProtocolGuid=gEfiMmReadyToLockProtocolGuid
 GuidCheck.IgnoreDuplicates -&gt; gEfiSmmSxDispatch2ProtocolGuid=gEfiMmSxDispatchProtocolGuid
 GuidCheck.IgnoreDuplicates -&gt; gEfiPeiCapsulePpiGuid=gPeiCapsulePpiGuid
 GuidCheck.IgnoreDuplicates -&gt; gEfiSmmCpuIo2ProtocolGuid=gEfiMmCpuIoProtocolGuid
 GuidCheck.IgnoreDuplicates -&gt; gEfiSmmRscHandlerProtocolGuid=gEfiMmRscHandlerProtocolGuid
 GuidCheck.IgnoreDuplicates -&gt; gEfiSmmConfigurationProtocolGuid=gEfiMmConfigurationProtocolGuid
 GuidCheck.IgnoreDuplicates -&gt; gEfiSmmGpiDispatch2ProtocolGuid=gEfiMmGpiDispatchProtocolGuid
 GuidCheck.IgnoreDuplicates -&gt; gEfiSmmEndOfDxeProtocolGuid=gEfiMmEndOfDxeProtocolGuid
 GuidCheck.IgnoreDuplicates -&gt; gEfiSmmSwDispatch2ProtocolGuid=gEfiMmSwDispatchProtocolGuid
 GuidCheck.IgnoreDuplicates -&gt; gEfiDebugPortProtocolGuid=gEfiDebugPortVariableGuid=gEfiDebugPortDevicePathGuid
 GuidCheck.IgnoreDuplicates -&gt; gEfiProcessorSpecificErrorSectionGuid=gEfiIa32X64ProcessorErrorSectionGuid
 GuidCheck.IgnoreDuplicates -&gt; gEfiSmmPeriodicTimerDispatch2ProtocolGuid=gEfiMmPeriodicTimerDispatchProtocolGuid
 GuidCheck.IgnoreDuplicates -&gt; gEfiPeiMmAccessPpiGuid=gPeiSmmAccessPpiGuid
 GuidCheck.IgnoreDuplicates -&gt; gPeiSmmControlPpiGuid=gEfiPeiMmControlPpiGuid
 </system-out><system-err></system-err></testcase><testcase classname="Edk2CiBuild.Edk2.MdePkg.HostUnitTestDscCompleteCheck" name="Check the Edk2CiBuild.Edk2.MdePkg Host Unit Test DSC for a being complete" time="0.05512809753417969"><system-out>Ignoring INF
 Ignoring INF. MODULE_TYPE or suppored phases not HOST_APPLICATION MdePkg/Test/UnitTest/Library/BaseSafeIntLib/TestBaseSafeIntLibUefiShell.inf
 Ignoring INF. MODULE_TYPE or suppored phases not HOST_APPLICATION MdePkg/Test/UnitTest/Library/BaseSafeIntLib/TestBaseSafeIntLibDxe.inf
 Ignoring INF. MODULE_TYPE or suppored phases not HOST_APPLICATION MdePkg/Test/UnitTest/Library/BaseSafeIntLib/TestBaseSafeIntLibPei.inf
 Ignoring INF. MODULE_TYPE or suppored phases not HOST_APPLICATION MdePkg/Test/UnitTest/Library/BaseSafeIntLib/TestBaseSafeIntLibSmm.inf
 Ignoring INF. MODULE_TYPE or suppored phases not HOST_APPLICATION MdePkg/Test/UnitTest/Library/BaseLib/BaseLibUnitTestsUefi.inf
 Ignoring INF. MODULE_TYPE or suppored phases not HOST_APPLICATION MdePkg/Library/SmmMemLib/SmmMemLib.inf
 Ignoring INF. MODULE_TYPE or suppored phases not HOST_APPLICATION MdePkg/Library/RegisterFilterLibNull/RegisterFilterLibNull.inf
 Ignoring INF. MODULE_TYPE or suppored phases not HOST_APPLICATION MdePkg/Library/SmmPciLibPciRootBridgeIo/SmmPciLibPciRootBridgeIo.inf
 Ignoring INF. MODULE_TYPE or suppored phases not HOST_APPLICATION MdePkg/Library/MmServicesTableLib/MmServicesTableLib.inf
 Ignoring INF. MODULE_TYPE or suppored phases not HOST_APPLICATION MdePkg/Library/BaseMemoryLibRepStr/BaseMemoryLibRepStr.inf
 Ignoring INF. MODULE_TYPE or suppored phases not HOST_APPLICATION MdePkg/Library/BaseSmbusLibNull/BaseSmbusLibNull.inf
 Ignoring INF. MODULE_TYPE or suppored phases not HOST_APPLICATION MdePkg/Library/UefiFileHandleLib/UefiFileHandleLib.inf
 Ignoring INF. MODULE_TYPE or suppored phases not HOST_APPLICATION MdePkg/Library/SmmIoLib/SmmIoLib.inf
 Ignoring INF. MODULE_TYPE or suppored phases not HOST_APPLICATION MdePkg/Library/PeiHobLib/PeiHobLib.inf
 Ignoring INF. MODULE_TYPE or suppored phases not HOST_APPLICATION MdePkg/Library/UefiUsbLib/UefiUsbLib.inf
 Ignoring INF. MODULE_TYPE or suppored phases not HOST_APPLICATION MdePkg/Library/BaseMemoryLibOptPei/BaseMemoryLibOptPei.inf
 Ignoring INF. MODULE_TYPE or suppored phases not HOST_APPLICATION MdePkg/Library/PeiSmbusLibSmbus2Ppi/PeiSmbusLibSmbus2Ppi.inf
 Ignoring INF. MODULE_TYPE or suppored phases not HOST_APPLICATION MdePkg/Library/UefiDebugLibConOut/UefiDebugLibConOut.inf
 Ignoring INF. MODULE_TYPE or suppored phases not HOST_APPLICATION MdePkg/Library/PeiServicesTablePointerLibIdt/PeiServicesTablePointerLibIdt.inf
 Ignoring INF. MODULE_TYPE or suppored phases not HOST_APPLICATION MdePkg/Library/BaseMemoryLibOptDxe/BaseMemoryLibOptDxe.inf
 Ignoring INF. MODULE_TYPE or suppored phases not HOST_APPLICATION MdePkg/Library/DxeServicesTableLib/DxeServicesTableLib.inf
 Ignoring INF. MODULE_TYPE or suppored phases not HOST_APPLICATION MdePkg/Library/BaseS3BootScriptLibNull/BaseS3BootScriptLibNull.inf
 Ignoring INF. MODULE_TYPE or suppored phases not HOST_APPLICATION MdePkg/Library/BaseReportStatusCodeLibNull/BaseReportStatusCodeLibNull.inf
 Ignoring INF. MODULE_TYPE or suppored phases not HOST_APPLICATION MdePkg/Library/BaseDebugLibNull/BaseDebugLibNull.inf
 Ignoring INF. MODULE_TYPE or suppored phases not HOST_APPLICATION MdePkg/Library/PeiIoLibCpuIo/PeiIoLibCpuIo.inf
 Ignoring INF. MODULE_TYPE or suppored phases not HOST_APPLICATION MdePkg/Library/UefiApplicationEntryPoint/UefiApplicationEntryPoint.inf
 Ignoring INF. MODULE_TYPE or suppored phases not HOST_APPLICATION MdePkg/Library/PeiPciSegmentLibPciCfg2/PeiPciSegmentLibPciCfg2.inf
 Ignoring INF. MODULE_TYPE or suppored phases not HOST_APPLICATION MdePkg/Library/DxeHstiLib/DxeHstiLib.inf
 Ignoring INF. MODULE_TYPE or suppored phases not HOST_APPLICATION MdePkg/Library/BasePerformanceLibNull/BasePerformanceLibNull.inf
 Ignoring INF. MODULE_TYPE or suppored phases not HOST_APPLICATION MdePkg/Library/DxeRuntimePciExpressLib/DxeRuntimePciExpressLib.inf
 Ignoring INF. MODULE_TYPE or suppored phases not HOST_APPLICATION MdePkg/Library/DxeCoreHobLib/DxeCoreHobLib.inf
 Ignoring INF. MODULE_TYPE or suppored phases not HOST_APPLICATION MdePkg/Library/UefiPciLibPciRootBridgeIo/UefiPciLibPciRootBridgeIo.inf
 Ignoring INF. MODULE_TYPE or suppored phases not HOST_APPLICATION MdePkg/Library/UefiDebugLibDebugPortProtocol/UefiDebugLibDebugPortProtocol.inf
 Ignoring INF. MODULE_TYPE or suppored phases not HOST_APPLICATION MdePkg/Library/BaseS3IoLib/BaseS3IoLib.inf
 Ignoring INF. MODULE_TYPE or suppored phases not HOST_APPLICATION MdePkg/Library/BasePeCoffGetEntryPointLib/BasePeCoffGetEntryPointLib.inf
 Ignoring INF. MODULE_TYPE or suppored phases not HOST_APPLICATION MdePkg/Library/BaseDebugLibSerialPort/BaseDebugLibSerialPort.inf
 Ignoring INF. MODULE_TYPE or suppored phases not HOST_APPLICATION MdePkg/Library/SmmPciExpressLib/SmmPciExpressLib.inf
 Ignoring INF. MODULE_TYPE or suppored phases not HOST_APPLICATION MdePkg/Library/BasePciExpressLib/BasePciExpressLib.inf
 Ignoring INF. MODULE_TYPE or suppored phases not HOST_APPLICATION MdePkg/Library/DxeRuntimeDebugLibSerialPort/DxeRuntimeDebugLibSerialPort.inf
 Ignoring INF. MODULE_TYPE or suppored phases not HOST_APPLICATION MdePkg/Library/PeiCoreEntryPoint/PeiCoreEntryPoint.inf
 Ignoring INF. MODULE_TYPE or suppored phases not HOST_APPLICATION MdePkg/Library/BasePeCoffExtraActionLibNull/BasePeCoffExtraActionLibNull.inf
 Ignoring INF. MODULE_TYPE or suppored phases not HOST_APPLICATION MdePkg/Library/UefiMemoryLib/UefiMemoryLib.inf
 Ignoring INF. MODULE_TYPE or suppored phases not HOST_APPLICATION MdePkg/Library/PeiPcdLib/PeiPcdLib.inf
 Ignoring INF. MODULE_TYPE or suppored phases not HOST_APPLICATION MdePkg/Library/BaseTimerLibNullTemplate/BaseTimerLibNullTemplate.inf
 Ignoring INF. MODULE_TYPE or suppored phases not HOST_APPLICATION MdePkg/Library/PeiPciLibPciCfg2/PeiPciLibPciCfg2.inf
 Ignoring INF. MODULE_TYPE or suppored phases not HOST_APPLICATION MdePkg/Library/UefiRuntimeLib/UefiRuntimeLib.inf
 Ignoring INF. MODULE_TYPE or suppored phases not HOST_APPLICATION MdePkg/Library/SmmIoLibSmmCpuIo2/SmmIoLibSmmCpuIo2.inf
 Ignoring INF. MODULE_TYPE or suppored phases not HOST_APPLICATION MdePkg/Library/PeiMemoryAllocationLib/PeiMemoryAllocationLib.inf
 Ignoring INF. MODULE_TYPE or suppored phases not HOST_APPLICATION MdePkg/Library/BaseS3StallLib/BaseS3StallLib.inf
 Ignoring INF. MODULE_TYPE or suppored phases not HOST_APPLICATION MdePkg/Library/DxePcdLib/DxePcdLib.inf
 Ignoring INF. MODULE_TYPE or suppored phases not HOST_APPLICATION MdePkg/Library/DxeExtractGuidedSectionLib/DxeExtractGuidedSectionLib.inf
 Ignoring INF. MODULE_TYPE or suppored phases not HOST_APPLICATION MdePkg/Library/BasePciLibCf8/BasePciLibCf8.inf
 Ignoring INF. MODULE_TYPE or suppored phases not HOST_APPLICATION MdePkg/Library/DxeHobLib/DxeHobLib.inf
 Ignoring INF. MODULE_TYPE or suppored phases not HOST_APPLICATION MdePkg/Library/BaseRngLibNull/BaseRngLibNull.inf
 Ignoring INF. MODULE_TYPE or suppored phases not HOST_APPLICATION MdePkg/Library/BasePciCf8Lib/BasePciCf8Lib.inf
 Ignoring INF. MODULE_TYPE or suppored phases not HOST_APPLICATION MdePkg/Library/BaseDebugPrintErrorLevelLib/BaseDebugPrintErrorLevelLib.inf
 Ignoring INF. MODULE_TYPE or suppored phases not HOST_APPLICATION MdePkg/Library/UefiMemoryAllocationLib/UefiMemoryAllocationLib.inf
 Ignoring INF. MODULE_TYPE or suppored phases not HOST_APPLICATION MdePkg/Library/BaseStackCheckLib/BaseStackCheckLib.inf
 Ignoring INF. MODULE_TYPE or suppored phases not HOST_APPLICATION MdePkg/Library/BaseMemoryLibMmx/BaseMemoryLibMmx.inf
 Ignoring INF. MODULE_TYPE or suppored phases not HOST_APPLICATION MdePkg/Library/MmUnblockMemoryLib/MmUnblockMemoryLibNull.inf
 Ignoring INF. MODULE_TYPE or suppored phases not HOST_APPLICATION MdePkg/Library/DxeRngLib/DxeRngLib.inf
 Ignoring INF. MODULE_TYPE or suppored phases not HOST_APPLICATION MdePkg/Library/SmmLibNull/SmmLibNull.inf
 Ignoring INF. MODULE_TYPE or suppored phases not HOST_APPLICATION MdePkg/Library/BaseSerialPortLibNull/BaseSerialPortLibNull.inf
 Ignoring INF. MODULE_TYPE or suppored phases not HOST_APPLICATION MdePkg/Library/StandaloneMmServicesTableLib/StandaloneMmServicesTableLib.inf
 Ignoring INF. MODULE_TYPE or suppored phases not HOST_APPLICATION MdePkg/Library/BaseMemoryLibSse2/BaseMemoryLibSse2.inf
 Ignoring INF. MODULE_TYPE or suppored phases not HOST_APPLICATION MdePkg/Library/UefiScsiLib/UefiScsiLib.inf
 Ignoring INF. MODULE_TYPE or suppored phases not HOST_APPLICATION MdePkg/Library/PeiServicesTablePointerLib/PeiServicesTablePointerLib.inf
 Ignoring INF. MODULE_TYPE or suppored phases not HOST_APPLICATION MdePkg/Library/SmmServicesTableLib/SmmServicesTableLib.inf
 Ignoring INF. MODULE_TYPE or suppored phases not HOST_APPLICATION MdePkg/Library/PeiDxePostCodeLibReportStatusCode/PeiDxePostCodeLibReportStatusCode.inf
 Ignoring INF. MODULE_TYPE or suppored phases not HOST_APPLICATION MdePkg/Library/UefiDevicePathLib/UefiDevicePathLib.inf
 Ignoring INF. MODULE_TYPE or suppored phases not HOST_APPLICATION MdePkg/Library/UefiDevicePathLib/UefiDevicePathLibStandaloneMm.inf
 Ignoring INF. MODULE_TYPE or suppored phases not HOST_APPLICATION MdePkg/Library/UefiDevicePathLib/UefiDevicePathLibOptionalDevicePathProtocol.inf
 Ignoring INF. MODULE_TYPE or suppored phases not HOST_APPLICATION MdePkg/Library/BaseExtractGuidedSectionLib/BaseExtractGuidedSectionLib.inf
 Ignoring INF. MODULE_TYPE or suppored phases not HOST_APPLICATION MdePkg/Library/SmmMemoryAllocationLib/SmmMemoryAllocationLib.inf
 Ignoring INF. MODULE_TYPE or suppored phases not HOST_APPLICATION MdePkg/Library/StandaloneMmDriverEntryPoint/StandaloneMmDriverEntryPoint.inf
 Ignoring INF. MODULE_TYPE or suppored phases not HOST_APPLICATION MdePkg/Library/BaseCpuLibNull/BaseCpuLibNull.inf
 Ignoring INF. MODULE_TYPE or suppored phases not HOST_APPLICATION MdePkg/Library/DxeIoLibCpuIo2/DxeIoLibCpuIo2.inf
 Ignoring INF. MODULE_TYPE or suppored phases not HOST_APPLICATION MdePkg/Library/BaseIoLibIntrinsic/BaseIoLibIntrinsic.inf
 Ignoring INF. MODULE_TYPE or suppored phases not HOST_APPLICATION MdePkg/Library/BaseIoLibIntrinsic/BaseIoLibIntrinsicArmVirt.inf
 Ignoring INF. MODULE_TYPE or suppored phases not HOST_APPLICATION MdePkg/Library/BaseIoLibIntrinsic/BaseIoLibIntrinsicSev.inf
 Ignoring INF. MODULE_TYPE or suppored phases not HOST_APPLICATION MdePkg/Library/PeimEntryPoint/PeimEntryPoint.inf
 Ignoring INF. MODULE_TYPE or suppored phases not HOST_APPLICATION MdePkg/Library/PeiExtractGuidedSectionLib/PeiExtractGuidedSectionLib.inf
 Ignoring INF. MODULE_TYPE or suppored phases not HOST_APPLICATION MdePkg/Library/PciSegmentLibSegmentInfo/BasePciSegmentLibSegmentInfo.inf
 Ignoring INF. MODULE_TYPE or suppored phases not HOST_APPLICATION MdePkg/Library/PciSegmentLibSegmentInfo/DxeRuntimePciSegmentLibSegmentInfo.inf
 Ignoring INF. MODULE_TYPE or suppored phases not HOST_APPLICATION MdePkg/Library/UefiBootServicesTableLib/UefiBootServicesTableLib.inf
 Ignoring INF. MODULE_TYPE or suppored phases not HOST_APPLICATION MdePkg/Library/BaseSafeIntLib/BaseSafeIntLib.inf
 Ignoring INF. MODULE_TYPE or suppored phases not HOST_APPLICATION MdePkg/Library/BaseLib/BaseLib.inf
 Ignoring INF. MODULE_TYPE or suppored phases not HOST_APPLICATION MdePkg/Library/UefiRuntimeServicesTableLib/UefiRuntimeServicesTableLib.inf
 Ignoring INF. MODULE_TYPE or suppored phases not HOST_APPLICATION MdePkg/Library/SmmPeriodicSmiLib/SmmPeriodicSmiLib.inf
 Ignoring INF. MODULE_TYPE or suppored phases not HOST_APPLICATION MdePkg/Library/BaseMemoryLib/BaseMemoryLib.inf
 Ignoring INF. MODULE_TYPE or suppored phases not HOST_APPLICATION MdePkg/Library/BaseRngLib/BaseRngLib.inf
 Ignoring INF. MODULE_TYPE or suppored phases not HOST_APPLICATION MdePkg/Library/PeiResourcePublicationLib/PeiResourcePublicationLib.inf
 Ignoring INF. MODULE_TYPE or suppored phases not HOST_APPLICATION MdePkg/Library/BasePostCodeLibPort80/BasePostCodeLibPort80.inf
 Ignoring INF. MODULE_TYPE or suppored phases not HOST_APPLICATION MdePkg/Library/BaseRngLibTimerLib/BaseRngLibTimerLib.inf
 Ignoring INF. MODULE_TYPE or suppored phases not HOST_APPLICATION MdePkg/Library/BasePostCodeLibDebug/BasePostCodeLibDebug.inf
 Ignoring INF. MODULE_TYPE or suppored phases not HOST_APPLICATION MdePkg/Library/BaseCacheMaintenanceLib/BaseCacheMaintenanceLib.inf
 Ignoring INF. MODULE_TYPE or suppored phases not HOST_APPLICATION MdePkg/Library/BaseUefiDecompressLib/BaseUefiDecompressLib.inf
 Ignoring INF. MODULE_TYPE or suppored phases not HOST_APPLICATION MdePkg/Library/BaseUefiDecompressLib/BaseUefiTianoCustomDecompressLib.inf
 Ignoring INF. MODULE_TYPE or suppored phases not HOST_APPLICATION MdePkg/Library/DxeCoreEntryPoint/DxeCoreEntryPoint.inf
 Ignoring INF. MODULE_TYPE or suppored phases not HOST_APPLICATION MdePkg/Library/BasePrintLib/BasePrintLib.inf
 Ignoring INF. MODULE_TYPE or suppored phases not HOST_APPLICATION MdePkg/Library/BasePeCoffLib/BasePeCoffLib.inf
 Ignoring INF. MODULE_TYPE or suppored phases not HOST_APPLICATION MdePkg/Library/BasePciLibPciExpress/BasePciLibPciExpress.inf
 Ignoring INF. MODULE_TYPE or suppored phases not HOST_APPLICATION MdePkg/Library/BasePcdLibNull/BasePcdLibNull.inf
 Ignoring INF. MODULE_TYPE or suppored phases not HOST_APPLICATION MdePkg/Library/BasePciSegmentInfoLibNull/BasePciSegmentInfoLibNull.inf
 Ignoring INF. MODULE_TYPE or suppored phases not HOST_APPLICATION MdePkg/Library/BaseS3PciSegmentLib/BaseS3PciSegmentLib.inf
 Ignoring INF. MODULE_TYPE or suppored phases not HOST_APPLICATION MdePkg/Library/SecPeiDxeTimerLibCpu/SecPeiDxeTimerLibCpu.inf
 Ignoring INF. MODULE_TYPE or suppored phases not HOST_APPLICATION MdePkg/Library/PeiMemoryLib/PeiMemoryLib.inf
 Ignoring INF. MODULE_TYPE or suppored phases not HOST_APPLICATION MdePkg/Library/BaseCacheMaintenanceLibNull/BaseCacheMaintenanceLibNull.inf
 Ignoring INF. MODULE_TYPE or suppored phases not HOST_APPLICATION MdePkg/Library/BaseS3SmbusLib/BaseS3SmbusLib.inf
 Ignoring INF. MODULE_TYPE or suppored phases not HOST_APPLICATION MdePkg/Library/BaseCpuLib/BaseCpuLib.inf
 Ignoring INF. MODULE_TYPE or suppored phases not HOST_APPLICATION MdePkg/Library/UefiDevicePathLibDevicePathProtocol/UefiDevicePathLibDevicePathProtocol.inf
 Ignoring INF. MODULE_TYPE or suppored phases not HOST_APPLICATION MdePkg/Library/UefiPciSegmentLibPciRootBridgeIo/UefiPciSegmentLibPciRootBridgeIo.inf
 Ignoring INF. MODULE_TYPE or suppored phases not HOST_APPLICATION MdePkg/Library/DxeServicesLib/DxeServicesLib.inf
 Ignoring INF. MODULE_TYPE or suppored phases not HOST_APPLICATION MdePkg/Library/BaseOrderedCollectionRedBlackTreeLib/BaseOrderedCollectionRedBlackTreeLib.inf
 Ignoring INF. MODULE_TYPE or suppored phases not HOST_APPLICATION MdePkg/Library/BasePciSegmentLibPci/BasePciSegmentLibPci.inf
 Ignoring INF. MODULE_TYPE or suppored phases not HOST_APPLICATION MdePkg/Library/DxeSmbusLib/DxeSmbusLib.inf
 Ignoring INF. MODULE_TYPE or suppored phases not HOST_APPLICATION MdePkg/Library/UefiLib/UefiLib.inf
 Ignoring INF. MODULE_TYPE or suppored phases not HOST_APPLICATION MdePkg/Library/BaseSynchronizationLib/BaseSynchronizationLib.inf
 Ignoring INF. MODULE_TYPE or suppored phases not HOST_APPLICATION MdePkg/Library/PeiServicesLib/PeiServicesLib.inf
 Ignoring INF. MODULE_TYPE or suppored phases not HOST_APPLICATION MdePkg/Library/UefiDebugLibStdErr/UefiDebugLibStdErr.inf
 Ignoring INF. MODULE_TYPE or suppored phases not HOST_APPLICATION MdePkg/Library/UefiDriverEntryPoint/UefiDriverEntryPoint.inf
 Ignoring INF. MODULE_TYPE or suppored phases not HOST_APPLICATION MdePkg/Library/BaseS3PciLib/BaseS3PciLib.inf
 Ignoring INF. MODULE_TYPE or suppored phases not HOST_APPLICATION MdePkg/Library/SmiHandlerProfileLibNull/SmiHandlerProfileLibNull.inf
 </system-out><system-err>HostUnitTestDscCompleteCheck.IgnoreInf -&gt;  not found in filesystem.  Invalid ignore file
 </system-err></testcase><testcase classname="Edk2CiBuild.Edk2.MdePkg.HostUnitTestCompiler.X64" name="Compile and Run Host-Based UnitTests for Edk2CiBuild.Edk2.MdePkg on arch X64" time="1.0417091846466064"><system-out></system-out><system-err></system-err></testcase><testcase classname="Edk2CiBuild.Edk2.MdePkg.SpellCheck" name="Spell check files in Edk2CiBuild.Edk2.MdePkg" time="0.016333580017089844"><skipped type="skipped">Node version: v12.21.0
 </skipped><system-out>Node version: v12.21.0
 </system-out><system-err>cspell not installed.  Test can't run
 </system-err></testcase><testcase classname="Edk2CiBuild.Edk2.MdePkg.CharEncodingCheck" name="Check for valid file encoding for Edk2CiBuild.Edk2.MdePkg" time="0.21822643280029297"><system-out>Tested Encoding on 1689 files
 </system-out><system-err></system-err></testcase><testcase classname="Edk2CiBuild.Edk2.MdePkg.Compiler.DEBUG" name="Compile Edk2CiBuild.Edk2.MdePkg DEBUG" time="3.0092551708221436"><system-out></system-out><system-err></system-err></testcase><testcase classname="Edk2CiBuild.Edk2.MdePkg.Compiler.RELEASE" name="Compile Edk2CiBuild.Edk2.MdePkg RELEASE" time="3.0063958168029785"><system-out></system-out><system-err></system-err></testcase><testcase classname="Edk2CiBuild.Edk2.MdePkg.DscCompleteCheck" name="Check the Edk2CiBuild.Edk2.MdePkg DSC for a being complete" time="0.0215456485748291"><system-out>Ignoring INF
 Ignoring INF.  Module type is HOST_APPLICATION MdePkg/Test/UnitTest/Library/BaseSafeIntLib/TestBaseSafeIntLibHost.inf
 Ignoring INF.  Module type is HOST_APPLICATION MdePkg/Test/UnitTest/Library/BaseLib/BaseLibUnitTestsHost.inf
 Ignoring Library INF due to only supporting type HOST_APPLICATION MdePkg/Library/BaseLib/UnitTestHostBaseLib.inf
 </system-out><system-err>DscCompleteCheck.IgnoreInf -&gt;  not found in filesystem.  Invalid ignore file
 </system-err></testcase><testcase classname="Edk2CiBuild.Edk2.MdePkg.DependencyCheck" name="Test Package Dependencies for modules in Edk2CiBuild.Edk2.MdePkg" time="0.05099344253540039"><system-out>Acceptable Dependencies:
 MdePkg/MdePkg.dec
 Additional dependencies for MODULE_TYPE HOST_APPLICATION:
 UnitTestFrameworkPkg/UnitTestFrameworkPkg.dec
 Additional dependencies for MODULE_TYPE UEFI_APPLICATION:
 </system-out><system-err></system-err></testcase><testcase classname="Edk2CiBuild.Edk2.MdePkg.EccCheck" name="Check for efi coding style for Edk2CiBuild.Edk2.MdePkg" time="0.10249471664428711"><system-out></system-out><system-err></system-err></testcase></testsuite><testsuite id="6" name="MdeModulePkg" package="Edk2CiBuild.Edk2.MdeModulePkg" errors="0" tests="12" failures="0" skipped="1"><testcase classname="Edk2CiBuild.Edk2.MdeModulePkg.LicenseCheck" name="Check for license for Edk2CiBuild.Edk2.MdeModulePkg" time="0.006382942199707031"><system-out></system-out><system-err></system-err></testcase><testcase classname="Edk2CiBuild.Edk2.MdeModulePkg.LibraryClassCheck" name="Check library class declarations in Edk2CiBuild.Edk2.MdeModulePkg" time="0.00808095932006836"><system-out></system-out><system-err></system-err></testcase><testcase classname="Edk2CiBuild.Edk2.MdeModulePkg.GuidCheck" name="Confirm GUIDs are unique in Edk2CiBuild.Edk2.MdeModulePkg" time="1.7002747058868408"><system-out>Ignoring Guid 00000000-0000-0000-0000-000000000000
 GuidCheck.IgnoreDuplicates -&gt; gEfiPeiMmAccessPpiGuid=gPeiSmmAccessPpiGuid
 GuidCheck.IgnoreDuplicates -&gt; gPeiSmmControlPpiGuid=gEfiPeiMmControlPpiGuid
 </system-out><system-err></system-err></testcase><testcase classname="Edk2CiBuild.Edk2.MdeModulePkg.HostUnitTestDscCompleteCheck" name="Check the Edk2CiBuild.Edk2.MdeModulePkg Host Unit Test DSC for a being complete" time="0.0974569320678711"><system-out>Ignoring INF
 Ignoring INF. MODULE_TYPE or suppored phases not HOST_APPLICATION MdeModulePkg/Core/DxeIplPeim/DxeIpl.inf
 Ignoring INF. MODULE_TYPE or suppored phases not HOST_APPLICATION MdeModulePkg/Core/RuntimeDxe/RuntimeDxe.inf
 Ignoring INF. MODULE_TYPE or suppored phases not HOST_APPLICATION MdeModulePkg/Core/PiSmmCore/PiSmmCore.inf
 Ignoring INF. MODULE_TYPE or suppored phases not HOST_APPLICATION MdeModulePkg/Core/PiSmmCore/PiSmmIpl.inf
 Ignoring INF. MODULE_TYPE or suppored phases not HOST_APPLICATION MdeModulePkg/Core/Pei/PeiMain.inf
 Ignoring INF. MODULE_TYPE or suppored phases not HOST_APPLICATION MdeModulePkg/Core/Dxe/DxeMain.inf
 Ignoring INF. MODULE_TYPE or suppored phases not HOST_APPLICATION MdeModulePkg/Application/BootManagerMenuApp/BootManagerMenuApp.inf
 Ignoring INF. MODULE_TYPE or suppored phases not HOST_APPLICATION MdeModulePkg/Application/HelloWorld/HelloWorld.inf
 Ignoring INF. MODULE_TYPE or suppored phases not HOST_APPLICATION MdeModulePkg/Application/UiApp/UiApp.inf
 Ignoring INF. MODULE_TYPE or suppored phases not HOST_APPLICATION MdeModulePkg/Application/SmiHandlerProfileInfo/SmiHandlerProfileInfo.inf
 Ignoring INF. MODULE_TYPE or suppored phases not HOST_APPLICATION MdeModulePkg/Application/VariableInfo/VariableInfo.inf
 Ignoring INF. MODULE_TYPE or suppored phases not HOST_APPLICATION MdeModulePkg/Application/DumpDynPcd/DumpDynPcd.inf
 Ignoring INF. MODULE_TYPE or suppored phases not HOST_APPLICATION MdeModulePkg/Application/CapsuleApp/CapsuleApp.inf
 Ignoring INF. MODULE_TYPE or suppored phases not HOST_APPLICATION MdeModulePkg/Application/MemoryProfileInfo/MemoryProfileInfo.inf
 Ignoring INF. MODULE_TYPE or suppored phases not HOST_APPLICATION MdeModulePkg/Universal/FaultTolerantWriteDxe/FaultTolerantWriteSmm.inf
 Ignoring INF. MODULE_TYPE or suppored phases not HOST_APPLICATION MdeModulePkg/Universal/FaultTolerantWriteDxe/FaultTolerantWriteStandaloneMm.inf
 Ignoring INF. MODULE_TYPE or suppored phases not HOST_APPLICATION MdeModulePkg/Universal/FaultTolerantWriteDxe/FaultTolerantWriteDxe.inf
 Ignoring INF. MODULE_TYPE or suppored phases not HOST_APPLICATION MdeModulePkg/Universal/FaultTolerantWriteDxe/FaultTolerantWriteSmmDxe.inf
 Ignoring INF. MODULE_TYPE or suppored phases not HOST_APPLICATION MdeModulePkg/Universal/TimestampDxe/TimestampDxe.inf
 Ignoring INF. MODULE_TYPE or suppored phases not HOST_APPLICATION MdeModulePkg/Universal/FvSimpleFileSystemDxe/FvSimpleFileSystemDxe.inf
 Ignoring INF. MODULE_TYPE or suppored phases not HOST_APPLICATION MdeModulePkg/Universal/PlatformDriOverrideDxe/PlatformDriOverrideDxe.inf
 Ignoring INF. MODULE_TYPE or suppored phases not HOST_APPLICATION MdeModulePkg/Universal/HiiDatabaseDxe/HiiDatabaseDxe.inf
 Ignoring INF. MODULE_TYPE or suppored phases not HOST_APPLICATION MdeModulePkg/Universal/FaultTolerantWritePei/FaultTolerantWritePei.inf
 Ignoring INF. MODULE_TYPE or suppored phases not HOST_APPLICATION MdeModulePkg/Universal/SerialDxe/SerialDxe.inf
 Ignoring INF. MODULE_TYPE or suppored phases not HOST_APPLICATION MdeModulePkg/Universal/SmbiosMeasurementDxe/SmbiosMeasurementDxe.inf
 Ignoring INF. MODULE_TYPE or suppored phases not HOST_APPLICATION MdeModulePkg/Universal/Metronome/Metronome.inf
 Ignoring INF. MODULE_TYPE or suppored phases not HOST_APPLICATION MdeModulePkg/Universal/RegularExpressionDxe/RegularExpressionDxe.inf
 Ignoring INF. MODULE_TYPE or suppored phases not HOST_APPLICATION MdeModulePkg/Universal/PrintDxe/PrintDxe.inf
 Ignoring INF. MODULE_TYPE or suppored phases not HOST_APPLICATION MdeModulePkg/Universal/CapsuleOnDiskLoadPei/CapsuleOnDiskLoadPei.inf
 Ignoring INF. MODULE_TYPE or suppored phases not HOST_APPLICATION MdeModulePkg/Universal/DriverHealthManagerDxe/DriverHealthManagerDxe.inf
 Ignoring INF. MODULE_TYPE or suppored phases not HOST_APPLICATION MdeModulePkg/Universal/PCD/Pei/Pcd.inf
 Ignoring INF. MODULE_TYPE or suppored phases not HOST_APPLICATION MdeModulePkg/Universal/PCD/Dxe/Pcd.inf
 Ignoring INF. MODULE_TYPE or suppored phases not HOST_APPLICATION MdeModulePkg/Universal/EbcDxe/EbcDebugger.inf
 Ignoring INF. MODULE_TYPE or suppored phases not HOST_APPLICATION MdeModulePkg/Universal/EbcDxe/EbcDebuggerConfig.inf
 Ignoring INF. MODULE_TYPE or suppored phases not HOST_APPLICATION MdeModulePkg/Universal/EbcDxe/EbcDxe.inf
 Ignoring INF. MODULE_TYPE or suppored phases not HOST_APPLICATION MdeModulePkg/Universal/BootManagerPolicyDxe/BootManagerPolicyDxe.inf
 Ignoring INF. MODULE_TYPE or suppored phases not HOST_APPLICATION MdeModulePkg/Universal/ReportStatusCodeRouter/RuntimeDxe/ReportStatusCodeRouterRuntimeDxe.inf
 Ignoring INF. MODULE_TYPE or suppored phases not HOST_APPLICATION MdeModulePkg/Universal/ReportStatusCodeRouter/Pei/ReportStatusCodeRouterPei.inf
 Ignoring INF. MODULE_TYPE or suppored phases not HOST_APPLICATION MdeModulePkg/Universal/ReportStatusCodeRouter/Smm/ReportStatusCodeRouterSmm.inf
 Ignoring INF. MODULE_TYPE or suppored phases not HOST_APPLICATION MdeModulePkg/Universal/ReportStatusCodeRouter/Smm/ReportStatusCodeRouterStandaloneMm.inf
 Ignoring INF. MODULE_TYPE or suppored phases not HOST_APPLICATION MdeModulePkg/Universal/MonotonicCounterRuntimeDxe/MonotonicCounterRuntimeDxe.inf
 Ignoring INF. MODULE_TYPE or suppored phases not HOST_APPLICATION MdeModulePkg/Universal/Disk/UnicodeCollation/EnglishDxe/EnglishDxe.inf
 Ignoring INF. MODULE_TYPE or suppored phases not HOST_APPLICATION MdeModulePkg/Universal/Disk/DiskIoDxe/DiskIoDxe.inf
 Ignoring INF. MODULE_TYPE or suppored phases not HOST_APPLICATION MdeModulePkg/Universal/Disk/PartitionDxe/PartitionDxe.inf
 Ignoring INF. MODULE_TYPE or suppored phases not HOST_APPLICATION MdeModulePkg/Universal/Disk/CdExpressPei/CdExpressPei.inf
 Ignoring INF. MODULE_TYPE or suppored phases not HOST_APPLICATION MdeModulePkg/Universal/Disk/UdfDxe/UdfDxe.inf
 Ignoring INF. MODULE_TYPE or suppored phases not HOST_APPLICATION MdeModulePkg/Universal/Disk/RamDiskDxe/RamDiskDxe.inf
 Ignoring INF. MODULE_TYPE or suppored phases not HOST_APPLICATION MdeModulePkg/Universal/SmbiosDxe/SmbiosDxe.inf
 Ignoring INF. MODULE_TYPE or suppored phases not HOST_APPLICATION MdeModulePkg/Universal/Console/ConPlatformDxe/ConPlatformDxe.inf
 Ignoring INF. MODULE_TYPE or suppored phases not HOST_APPLICATION MdeModulePkg/Universal/Console/ConSplitterDxe/ConSplitterDxe.inf
 Ignoring INF. MODULE_TYPE or suppored phases not HOST_APPLICATION MdeModulePkg/Universal/Console/TerminalDxe/TerminalDxe.inf
 Ignoring INF. MODULE_TYPE or suppored phases not HOST_APPLICATION MdeModulePkg/Universal/Console/GraphicsOutputDxe/GraphicsOutputDxe.inf
 Ignoring INF. MODULE_TYPE or suppored phases not HOST_APPLICATION MdeModulePkg/Universal/Console/GraphicsConsoleDxe/GraphicsConsoleDxe.inf
 Ignoring INF. MODULE_TYPE or suppored phases not HOST_APPLICATION MdeModulePkg/Universal/BdsDxe/BdsDxe.inf
 Ignoring INF. MODULE_TYPE or suppored phases not HOST_APPLICATION MdeModulePkg/Universal/PcatSingleSegmentPciCfg2Pei/PcatSingleSegmentPciCfg2Pei.inf
 Ignoring INF. MODULE_TYPE or suppored phases not HOST_APPLICATION MdeModulePkg/Universal/Acpi/FirmwarePerformanceDataTableSmm/FirmwarePerformanceStandaloneMm.inf
 Ignoring INF. MODULE_TYPE or suppored phases not HOST_APPLICATION MdeModulePkg/Universal/Acpi/FirmwarePerformanceDataTableSmm/FirmwarePerformanceSmm.inf
 Ignoring INF. MODULE_TYPE or suppored phases not HOST_APPLICATION MdeModulePkg/Universal/Acpi/AcpiPlatformDxe/AcpiPlatformDxe.inf
 Ignoring INF. MODULE_TYPE or suppored phases not HOST_APPLICATION MdeModulePkg/Universal/Acpi/AcpiTableDxe/AcpiTableDxe.inf
 Ignoring INF. MODULE_TYPE or suppored phases not HOST_APPLICATION MdeModulePkg/Universal/Acpi/BootGraphicsResourceTableDxe/BootGraphicsResourceTableDxe.inf
 Ignoring INF. MODULE_TYPE or suppored phases not HOST_APPLICATION MdeModulePkg/Universal/Acpi/S3SaveStateDxe/S3SaveStateDxe.inf
 Ignoring INF. MODULE_TYPE or suppored phases not HOST_APPLICATION MdeModulePkg/Universal/Acpi/BootScriptExecutorDxe/BootScriptExecutorDxe.inf
 Ignoring INF. MODULE_TYPE or suppored phases not HOST_APPLICATION MdeModulePkg/Universal/Acpi/SmmS3SaveState/SmmS3SaveState.inf
 Ignoring INF. MODULE_TYPE or suppored phases not HOST_APPLICATION MdeModulePkg/Universal/Acpi/FirmwarePerformanceDataTableDxe/FirmwarePerformanceDxe.inf
 Ignoring INF. MODULE_TYPE or suppored phases not HOST_APPLICATION MdeModulePkg/Universal/Acpi/FirmwarePerformanceDataTablePei/FirmwarePerformancePei.inf
 Ignoring INF. MODULE_TYPE or suppored phases not HOST_APPLICATION MdeModulePkg/Universal/ResetSystemPei/ResetSystemPei.inf
 Ignoring INF. MODULE_TYPE or suppored phases not HOST_APPLICATION MdeModulePkg/Universal/SectionExtractionPei/SectionExtractionPei.inf
 Ignoring INF. MODULE_TYPE or suppored phases not HOST_APPLICATION MdeModulePkg/Universal/LockBox/SmmLockBox/SmmLockBox.inf
 Ignoring INF. MODULE_TYPE or suppored phases not HOST_APPLICATION MdeModulePkg/Universal/EsrtFmpDxe/EsrtFmpDxe.inf
 Ignoring INF. MODULE_TYPE or suppored phases not HOST_APPLICATION MdeModulePkg/Universal/EsrtDxe/EsrtDxe.inf
 Ignoring INF. MODULE_TYPE or suppored phases not HOST_APPLICATION MdeModulePkg/Universal/DriverSampleDxe/DriverSampleDxe.inf
 Ignoring INF. MODULE_TYPE or suppored phases not HOST_APPLICATION MdeModulePkg/Universal/MemoryTest/NullMemoryTestDxe/NullMemoryTestDxe.inf
 Ignoring INF. MODULE_TYPE or suppored phases not HOST_APPLICATION MdeModulePkg/Universal/MemoryTest/GenericMemoryTestDxe/GenericMemoryTestDxe.inf
 Ignoring INF. MODULE_TYPE or suppored phases not HOST_APPLICATION MdeModulePkg/Universal/DebugPortDxe/DebugPortDxe.inf
 Ignoring INF. MODULE_TYPE or suppored phases not HOST_APPLICATION MdeModulePkg/Universal/DevicePathDxe/DevicePathDxe.inf
 Ignoring INF. MODULE_TYPE or suppored phases not HOST_APPLICATION MdeModulePkg/Universal/Variable/RuntimeDxe/VariableRuntimeDxe.inf
 Ignoring INF. MODULE_TYPE or suppored phases not HOST_APPLICATION MdeModulePkg/Universal/Variable/RuntimeDxe/VariableStandaloneMm.inf
 Ignoring INF. MODULE_TYPE or suppored phases not HOST_APPLICATION MdeModulePkg/Universal/Variable/RuntimeDxe/VariableSmm.inf
 Ignoring INF. MODULE_TYPE or suppored phases not HOST_APPLICATION MdeModulePkg/Universal/Variable/RuntimeDxe/VariableSmmRuntimeDxe.inf
 Ignoring INF. MODULE_TYPE or suppored phases not HOST_APPLICATION MdeModulePkg/Universal/Variable/Pei/VariablePei.inf
 Ignoring INF. MODULE_TYPE or suppored phases not HOST_APPLICATION MdeModulePkg/Universal/DisplayEngineDxe/DisplayEngineDxe.inf
 Ignoring INF. MODULE_TYPE or suppored phases not HOST_APPLICATION MdeModulePkg/Universal/SetupBrowserDxe/SetupBrowserDxe.inf
 Ignoring INF. MODULE_TYPE or suppored phases not HOST_APPLICATION MdeModulePkg/Universal/SectionExtractionDxe/SectionExtractionDxe.inf
 Ignoring INF. MODULE_TYPE or suppored phases not HOST_APPLICATION MdeModulePkg/Universal/LegacyRegion2Dxe/LegacyRegion2Dxe.inf
 Ignoring INF. MODULE_TYPE or suppored phases not HOST_APPLICATION MdeModulePkg/Universal/SmmCommunicationBufferDxe/SmmCommunicationBufferDxe.inf
 Ignoring INF. MODULE_TYPE or suppored phases not HOST_APPLICATION MdeModulePkg/Universal/FileExplorerDxe/FileExplorerDxe.inf
 Ignoring INF. MODULE_TYPE or suppored phases not HOST_APPLICATION MdeModulePkg/Universal/SecurityStubDxe/SecurityStubDxe.inf
 Ignoring INF. MODULE_TYPE or suppored phases not HOST_APPLICATION MdeModulePkg/Universal/LoadFileOnFv2/LoadFileOnFv2.inf
 Ignoring INF. MODULE_TYPE or suppored phases not HOST_APPLICATION MdeModulePkg/Universal/CapsulePei/CapsulePei.inf
 Ignoring INF. MODULE_TYPE or suppored phases not HOST_APPLICATION MdeModulePkg/Universal/CapsulePei/CapsuleX64.inf
 Ignoring INF. MODULE_TYPE or suppored phases not HOST_APPLICATION MdeModulePkg/Universal/DebugServicePei/DebugServicePei.inf
 Ignoring INF. MODULE_TYPE or suppored phases not HOST_APPLICATION MdeModulePkg/Universal/WatchdogTimerDxe/WatchdogTimer.inf
 Ignoring INF. MODULE_TYPE or suppored phases not HOST_APPLICATION MdeModulePkg/Universal/CapsuleRuntimeDxe/CapsuleRuntimeDxe.inf
 Ignoring INF. MODULE_TYPE or suppored phases not HOST_APPLICATION MdeModulePkg/Universal/ResetSystemRuntimeDxe/ResetSystemRuntimeDxe.inf
 Ignoring INF. MODULE_TYPE or suppored phases not HOST_APPLICATION MdeModulePkg/Universal/HiiResourcesSampleDxe/HiiResourcesSampleDxe.inf
 Ignoring INF. MODULE_TYPE or suppored phases not HOST_APPLICATION MdeModulePkg/Universal/StatusCodeHandler/RuntimeDxe/StatusCodeHandlerRuntimeDxe.inf
 Ignoring INF. MODULE_TYPE or suppored phases not HOST_APPLICATION MdeModulePkg/Universal/StatusCodeHandler/Pei/StatusCodeHandlerPei.inf
 Ignoring INF. MODULE_TYPE or suppored phases not HOST_APPLICATION MdeModulePkg/Universal/StatusCodeHandler/Smm/StatusCodeHandlerStandaloneMm.inf
 Ignoring INF. MODULE_TYPE or suppored phases not HOST_APPLICATION MdeModulePkg/Universal/StatusCodeHandler/Smm/StatusCodeHandlerSmm.inf
 Ignoring INF. MODULE_TYPE or suppored phases not HOST_APPLICATION MdeModulePkg/Universal/DebugSupportDxe/DebugSupportDxe.inf
 Ignoring INF. MODULE_TYPE or suppored phases not HOST_APPLICATION MdeModulePkg/Bus/Ufs/UfsPassThruDxe/UfsPassThruDxe.inf
 Ignoring INF. MODULE_TYPE or suppored phases not HOST_APPLICATION MdeModulePkg/Bus/Ufs/UfsBlockIoPei/UfsBlockIoPei.inf
 Ignoring INF. MODULE_TYPE or suppored phases not HOST_APPLICATION MdeModulePkg/Bus/I2c/I2cDxe/I2cBusDxe.inf
 Ignoring INF. MODULE_TYPE or suppored phases not HOST_APPLICATION MdeModulePkg/Bus/I2c/I2cDxe/I2cDxe.inf
 Ignoring INF. MODULE_TYPE or suppored phases not HOST_APPLICATION MdeModulePkg/Bus/I2c/I2cDxe/I2cHostDxe.inf
 Ignoring INF. MODULE_TYPE or suppored phases not HOST_APPLICATION MdeModulePkg/Bus/Usb/UsbBotPei/UsbBotPei.inf
 Ignoring INF. MODULE_TYPE or suppored phases not HOST_APPLICATION MdeModulePkg/Bus/Usb/UsbMouseAbsolutePointerDxe/UsbMouseAbsolutePointerDxe.inf
 Ignoring INF. MODULE_TYPE or suppored phases not HOST_APPLICATION MdeModulePkg/Bus/Usb/UsbBusPei/UsbBusPei.inf
 Ignoring INF. MODULE_TYPE or suppored phases not HOST_APPLICATION MdeModulePkg/Bus/Usb/UsbBusDxe/UsbBusDxe.inf
 Ignoring INF. MODULE_TYPE or suppored phases not HOST_APPLICATION MdeModulePkg/Bus/Usb/UsbMassStorageDxe/UsbMassStorageDxe.inf
 Ignoring INF. MODULE_TYPE or suppored phases not HOST_APPLICATION MdeModulePkg/Bus/Usb/UsbKbDxe/UsbKbDxe.inf
 Ignoring INF. MODULE_TYPE or suppored phases not HOST_APPLICATION MdeModulePkg/Bus/Usb/UsbMouseDxe/UsbMouseDxe.inf
 Ignoring INF. MODULE_TYPE or suppored phases not HOST_APPLICATION MdeModulePkg/Bus/Isa/Ps2MouseDxe/Ps2MouseDxe.inf
 Ignoring INF. MODULE_TYPE or suppored phases not HOST_APPLICATION MdeModulePkg/Bus/Isa/IsaBusDxe/IsaBusDxe.inf
 Ignoring INF. MODULE_TYPE or suppored phases not HOST_APPLICATION MdeModulePkg/Bus/Isa/Ps2KeyboardDxe/Ps2KeyboardDxe.inf
 Ignoring INF. MODULE_TYPE or suppored phases not HOST_APPLICATION MdeModulePkg/Bus/Pci/IncompatiblePciDeviceSupportDxe/IncompatiblePciDeviceSupportDxe.inf
 Ignoring INF. MODULE_TYPE or suppored phases not HOST_APPLICATION MdeModulePkg/Bus/Pci/SdMmcPciHcDxe/SdMmcPciHcDxe.inf
 Ignoring INF. MODULE_TYPE or suppored phases not HOST_APPLICATION MdeModulePkg/Bus/Pci/EhciDxe/EhciDxe.inf
 Ignoring INF. MODULE_TYPE or suppored phases not HOST_APPLICATION MdeModulePkg/Bus/Pci/UfsPciHcDxe/UfsPciHcDxe.inf
 Ignoring INF. MODULE_TYPE or suppored phases not HOST_APPLICATION MdeModulePkg/Bus/Pci/NvmExpressDxe/NvmExpressDxe.inf
 Ignoring INF. MODULE_TYPE or suppored phases not HOST_APPLICATION MdeModulePkg/Bus/Pci/UfsPciHcPei/UfsPciHcPei.inf
 Ignoring INF. MODULE_TYPE or suppored phases not HOST_APPLICATION MdeModulePkg/Bus/Pci/XhciPei/XhciPei.inf
 Ignoring INF. MODULE_TYPE or suppored phases not HOST_APPLICATION MdeModulePkg/Bus/Pci/EhciPei/EhciPei.inf
 Ignoring INF. MODULE_TYPE or suppored phases not HOST_APPLICATION MdeModulePkg/Bus/Pci/UhciPei/UhciPei.inf
 Ignoring INF. MODULE_TYPE or suppored phases not HOST_APPLICATION MdeModulePkg/Bus/Pci/XhciDxe/XhciDxe.inf
 Ignoring INF. MODULE_TYPE or suppored phases not HOST_APPLICATION MdeModulePkg/Bus/Pci/UhciDxe/UhciDxe.inf
 Ignoring INF. MODULE_TYPE or suppored phases not HOST_APPLICATION MdeModulePkg/Bus/Pci/IdeBusPei/IdeBusPei.inf
 Ignoring INF. MODULE_TYPE or suppored phases not HOST_APPLICATION MdeModulePkg/Bus/Pci/SdMmcPciHcPei/SdMmcPciHcPei.inf
 Ignoring INF. MODULE_TYPE or suppored phases not HOST_APPLICATION MdeModulePkg/Bus/Pci/NvmExpressPei/NvmExpressPei.inf
 Ignoring INF. MODULE_TYPE or suppored phases not HOST_APPLICATION MdeModulePkg/Bus/Pci/PciSioSerialDxe/PciSioSerialDxe.inf
 Ignoring INF. MODULE_TYPE or suppored phases not HOST_APPLICATION MdeModulePkg/Bus/Pci/PciBusDxe/PciBusDxe.inf
 Ignoring INF. MODULE_TYPE or suppored phases not HOST_APPLICATION MdeModulePkg/Bus/Pci/NonDiscoverablePciDeviceDxe/NonDiscoverablePciDeviceDxe.inf
 Ignoring INF. MODULE_TYPE or suppored phases not HOST_APPLICATION MdeModulePkg/Bus/Pci/PciHostBridgeDxe/PciHostBridgeDxe.inf
 Ignoring INF. MODULE_TYPE or suppored phases not HOST_APPLICATION MdeModulePkg/Bus/Pci/SataControllerDxe/SataControllerDxe.inf
 Ignoring INF. MODULE_TYPE or suppored phases not HOST_APPLICATION MdeModulePkg/Bus/Sd/EmmcBlockIoPei/EmmcBlockIoPei.inf
 Ignoring INF. MODULE_TYPE or suppored phases not HOST_APPLICATION MdeModulePkg/Bus/Sd/SdDxe/SdDxe.inf
 Ignoring INF. MODULE_TYPE or suppored phases not HOST_APPLICATION MdeModulePkg/Bus/Sd/SdBlockIoPei/SdBlockIoPei.inf
 Ignoring INF. MODULE_TYPE or suppored phases not HOST_APPLICATION MdeModulePkg/Bus/Sd/EmmcDxe/EmmcDxe.inf
 Ignoring INF. MODULE_TYPE or suppored phases not HOST_APPLICATION MdeModulePkg/Bus/Ata/AtaBusDxe/AtaBusDxe.inf
 Ignoring INF. MODULE_TYPE or suppored phases not HOST_APPLICATION MdeModulePkg/Bus/Ata/AhciPei/AhciPei.inf
 Ignoring INF. MODULE_TYPE or suppored phases not HOST_APPLICATION MdeModulePkg/Bus/Ata/AtaAtapiPassThru/AtaAtapiPassThru.inf
 Ignoring INF. MODULE_TYPE or suppored phases not HOST_APPLICATION MdeModulePkg/Bus/Scsi/ScsiDiskDxe/ScsiDiskDxe.inf
 Ignoring INF. MODULE_TYPE or suppored phases not HOST_APPLICATION MdeModulePkg/Bus/Scsi/ScsiBusDxe/ScsiBusDxe.inf
 Ignoring INF. MODULE_TYPE or suppored phases not HOST_APPLICATION MdeModulePkg/Library/DxeDebugPrintErrorLevelLib/DxeDebugPrintErrorLevelLib.inf
 Ignoring INF. MODULE_TYPE or suppored phases not HOST_APPLICATION MdeModulePkg/Library/UefiHiiServicesLib/UefiHiiServicesLib.inf
 Ignoring INF. MODULE_TYPE or suppored phases not HOST_APPLICATION MdeModulePkg/Library/SmmMemoryAllocationProfileLib/SmmMemoryAllocationProfileLib.inf
 Ignoring INF. MODULE_TYPE or suppored phases not HOST_APPLICATION MdeModulePkg/Library/DxeCapsuleLibFmp/DxeCapsuleLib.inf
 Ignoring INF. MODULE_TYPE or suppored phases not HOST_APPLICATION MdeModulePkg/Library/DxeCapsuleLibFmp/DxeRuntimeCapsuleLib.inf
 Ignoring INF. MODULE_TYPE or suppored phases not HOST_APPLICATION MdeModulePkg/Library/VarCheckLib/VarCheckLib.inf
 Ignoring INF. MODULE_TYPE or suppored phases not HOST_APPLICATION MdeModulePkg/Library/PlatformBootManagerLibNull/PlatformBootManagerLibNull.inf
 Ignoring INF. MODULE_TYPE or suppored phases not HOST_APPLICATION MdeModulePkg/Library/DxeResetSystemLib/DxeResetSystemLib.inf
 Ignoring INF. MODULE_TYPE or suppored phases not HOST_APPLICATION MdeModulePkg/Library/VarCheckPcdLib/VarCheckPcdLib.inf
 Ignoring INF. MODULE_TYPE or suppored phases not HOST_APPLICATION MdeModulePkg/Library/BootLogoLib/BootLogoLib.inf
 Ignoring INF. MODULE_TYPE or suppored phases not HOST_APPLICATION MdeModulePkg/Library/PlatformHookLibSerialPortPpi/PlatformHookLibSerialPortPpi.inf
 Ignoring INF. MODULE_TYPE or suppored phases not HOST_APPLICATION MdeModulePkg/Library/SmmLockBoxLib/SmmLockBoxStandaloneMmLib.inf
 Ignoring INF. MODULE_TYPE or suppored phases not HOST_APPLICATION MdeModulePkg/Library/SmmLockBoxLib/SmmLockBoxPeiLib.inf
 Ignoring INF. MODULE_TYPE or suppored phases not HOST_APPLICATION MdeModulePkg/Library/SmmLockBoxLib/SmmLockBoxDxeLib.inf
 Ignoring INF. MODULE_TYPE or suppored phases not HOST_APPLICATION MdeModulePkg/Library/SmmLockBoxLib/SmmLockBoxSmmLib.inf
 Ignoring INF. MODULE_TYPE or suppored phases not HOST_APPLICATION MdeModulePkg/Library/DxeCoreMemoryAllocationLib/DxeCoreMemoryAllocationLib.inf
 Ignoring INF. MODULE_TYPE or suppored phases not HOST_APPLICATION MdeModulePkg/Library/DxeCoreMemoryAllocationLib/DxeCoreMemoryAllocationProfileLib.inf
 Ignoring INF. MODULE_TYPE or suppored phases not HOST_APPLICATION MdeModulePkg/Library/DxeSecurityManagementLib/DxeSecurityManagementLib.inf
 Ignoring INF. MODULE_TYPE or suppored phases not HOST_APPLICATION MdeModulePkg/Library/PeiDxeDebugLibReportStatusCode/PeiDxeDebugLibReportStatusCode.inf
 Ignoring INF. MODULE_TYPE or suppored phases not HOST_APPLICATION MdeModulePkg/Library/PeiReportStatusCodeLib/PeiReportStatusCodeLib.inf
 Ignoring INF. MODULE_TYPE or suppored phases not HOST_APPLICATION MdeModulePkg/Library/UefiHiiLib/UefiHiiLib.inf
 Ignoring INF. MODULE_TYPE or suppored phases not HOST_APPLICATION MdeModulePkg/Library/DeviceManagerUiLib/DeviceManagerUiLib.inf
 Ignoring INF. MODULE_TYPE or suppored phases not HOST_APPLICATION MdeModulePkg/Library/VarCheckUefiLib/VarCheckUefiLib.inf
 Ignoring INF. MODULE_TYPE or suppored phases not HOST_APPLICATION MdeModulePkg/Library/UefiMemoryAllocationProfileLib/UefiMemoryAllocationProfileLib.inf
 Ignoring INF. MODULE_TYPE or suppored phases not HOST_APPLICATION MdeModulePkg/Library/BaseSortLib/BaseSortLib.inf
 Ignoring INF. MODULE_TYPE or suppored phases not HOST_APPLICATION MdeModulePkg/Library/BootDiscoveryPolicyUiLib/BootDiscoveryPolicyUiLib.inf
 Ignoring INF. MODULE_TYPE or suppored phases not HOST_APPLICATION MdeModulePkg/Library/BaseResetSystemLibNull/BaseResetSystemLibNull.inf
 Ignoring INF. MODULE_TYPE or suppored phases not HOST_APPLICATION MdeModulePkg/Library/OemHookStatusCodeLibNull/OemHookStatusCodeLibNull.inf
 Ignoring INF. MODULE_TYPE or suppored phases not HOST_APPLICATION MdeModulePkg/Library/BaseBmpSupportLib/BaseBmpSupportLib.inf
 Ignoring INF. MODULE_TYPE or suppored phases not HOST_APPLICATION MdeModulePkg/Library/SmmIpmiLibSmmIpmiProtocol/SmmIpmiLibSmmIpmiProtocol.inf
 Ignoring INF. MODULE_TYPE or suppored phases not HOST_APPLICATION MdeModulePkg/Library/DebugAgentLibNull/DebugAgentLibNull.inf
 Ignoring INF. MODULE_TYPE or suppored phases not HOST_APPLICATION MdeModulePkg/Library/BaseHobLibNull/BaseHobLibNull.inf
 Ignoring INF. MODULE_TYPE or suppored phases not HOST_APPLICATION MdeModulePkg/Library/VariablePolicyHelperLib/VariablePolicyHelperLib.inf
 Ignoring INF. MODULE_TYPE or suppored phases not HOST_APPLICATION MdeModulePkg/Library/SmmCorePlatformHookLibNull/SmmCorePlatformHookLibNull.inf
 Ignoring INF. MODULE_TYPE or suppored phases not HOST_APPLICATION MdeModulePkg/Library/CustomizedDisplayLib/CustomizedDisplayLib.inf
 Ignoring INF. MODULE_TYPE or suppored phases not HOST_APPLICATION MdeModulePkg/Library/SmmPerformanceLib/SmmPerformanceLib.inf
 Ignoring INF. MODULE_TYPE or suppored phases not HOST_APPLICATION MdeModulePkg/Library/UefiBootManagerLib/UefiBootManagerLib.inf
 Ignoring INF. MODULE_TYPE or suppored phases not HOST_APPLICATION MdeModulePkg/Library/RuntimeResetSystemLib/RuntimeResetSystemLib.inf
 Ignoring INF. MODULE_TYPE or suppored phases not HOST_APPLICATION MdeModulePkg/Library/PiSmmCoreSmmServicesTableLib/PiSmmCoreSmmServicesTableLib.inf
 Ignoring INF. MODULE_TYPE or suppored phases not HOST_APPLICATION MdeModulePkg/Library/PeiResetSystemLib/PeiResetSystemLib.inf
 Ignoring INF. MODULE_TYPE or suppored phases not HOST_APPLICATION MdeModulePkg/Library/ResetUtilityLib/ResetUtilityLib.inf
 Ignoring INF. MODULE_TYPE or suppored phases not HOST_APPLICATION MdeModulePkg/Library/RuntimeDxeReportStatusCodeLib/RuntimeDxeReportStatusCodeLib.inf
 Ignoring INF. MODULE_TYPE or suppored phases not HOST_APPLICATION MdeModulePkg/Library/VarCheckPolicyLib/VarCheckPolicyLib.inf
 Ignoring INF. MODULE_TYPE or suppored phases not HOST_APPLICATION MdeModulePkg/Library/VarCheckPolicyLib/VarCheckPolicyLibStandaloneMm.inf
 Ignoring INF. MODULE_TYPE or suppored phases not HOST_APPLICATION MdeModulePkg/Library/FrameBufferBltLib/FrameBufferBltLib.inf
 Ignoring INF. MODULE_TYPE or suppored phases not HOST_APPLICATION MdeModulePkg/Library/PciHostBridgeLibNull/PciHostBridgeLibNull.inf
 Ignoring INF. MODULE_TYPE or suppored phases not HOST_APPLICATION MdeModulePkg/Library/BasePlatformHookLibNull/BasePlatformHookLibNull.inf
 Ignoring INF. MODULE_TYPE or suppored phases not HOST_APPLICATION MdeModulePkg/Library/SmmReportStatusCodeLib/StandaloneMmReportStatusCodeLib.inf
 Ignoring INF. MODULE_TYPE or suppored phases not HOST_APPLICATION MdeModulePkg/Library/SmmReportStatusCodeLib/SmmReportStatusCodeLib.inf
 Ignoring INF. MODULE_TYPE or suppored phases not HOST_APPLICATION MdeModulePkg/Library/NonDiscoverableDeviceRegistrationLib/NonDiscoverableDeviceRegistrationLib.inf
 Ignoring INF. MODULE_TYPE or suppored phases not HOST_APPLICATION MdeModulePkg/Library/BootMaintenanceManagerUiLib/BootMaintenanceManagerUiLib.inf
 Ignoring INF. MODULE_TYPE or suppored phases not HOST_APPLICATION MdeModulePkg/Library/TpmMeasurementLibNull/TpmMeasurementLibNull.inf
 Ignoring INF. MODULE_TYPE or suppored phases not HOST_APPLICATION MdeModulePkg/Library/FmpAuthenticationLibNull/FmpAuthenticationLibNull.inf
 Ignoring INF. MODULE_TYPE or suppored phases not HOST_APPLICATION MdeModulePkg/Library/DisplayUpdateProgressLibText/DisplayUpdateProgressLibText.inf
 Ignoring INF. MODULE_TYPE or suppored phases not HOST_APPLICATION MdeModulePkg/Library/AuthVariableLibNull/AuthVariableLibNull.inf
 Ignoring INF. MODULE_TYPE or suppored phases not HOST_APPLICATION MdeModulePkg/Library/DisplayUpdateProgressLibGraphics/DisplayUpdateProgressLibGraphics.inf
 Ignoring INF. MODULE_TYPE or suppored phases not HOST_APPLICATION MdeModulePkg/Library/PeiCrc32GuidedSectionExtractLib/PeiCrc32GuidedSectionExtractLib.inf
 Ignoring INF. MODULE_TYPE or suppored phases not HOST_APPLICATION MdeModulePkg/Library/BaseIpmiLibNull/BaseIpmiLibNull.inf
 Ignoring INF. MODULE_TYPE or suppored phases not HOST_APPLICATION MdeModulePkg/Library/UefiSortLib/UefiSortLib.inf
 Ignoring INF. MODULE_TYPE or suppored phases not HOST_APPLICATION MdeModulePkg/Library/BaseMemoryAllocationLibNull/BaseMemoryAllocationLibNull.inf
 Ignoring INF. MODULE_TYPE or suppored phases not HOST_APPLICATION MdeModulePkg/Library/SmmCorePerformanceLib/SmmCorePerformanceLib.inf
 Ignoring INF. MODULE_TYPE or suppored phases not HOST_APPLICATION MdeModulePkg/Library/PlatformVarCleanupLib/PlatformVarCleanupLib.inf
 Ignoring INF. MODULE_TYPE or suppored phases not HOST_APPLICATION MdeModulePkg/Library/PeiPerformanceLib/PeiPerformanceLib.inf
 Ignoring INF. MODULE_TYPE or suppored phases not HOST_APPLICATION MdeModulePkg/Library/VarCheckHiiLib/VarCheckHiiLib.inf
 Ignoring INF. MODULE_TYPE or suppored phases not HOST_APPLICATION MdeModulePkg/Library/DxePrintLibPrint2Protocol/DxePrintLibPrint2Protocol.inf
 Ignoring INF. MODULE_TYPE or suppored phases not HOST_APPLICATION MdeModulePkg/Library/DxeReportStatusCodeLib/DxeReportStatusCodeLib.inf
 Ignoring INF. MODULE_TYPE or suppored phases not HOST_APPLICATION MdeModulePkg/Library/BaseSerialPortLib16550/BaseSerialPortLib16550.inf
 Ignoring INF. MODULE_TYPE or suppored phases not HOST_APPLICATION MdeModulePkg/Library/PiDxeS3BootScriptLib/DxeS3BootScriptLib.inf
 Ignoring INF. MODULE_TYPE or suppored phases not HOST_APPLICATION MdeModulePkg/Library/VariablePolicyLib/VariablePolicyLib.inf
 Ignoring INF. MODULE_TYPE or suppored phases not HOST_APPLICATION MdeModulePkg/Library/VariablePolicyLib/VariablePolicyLibRuntimeDxe.inf
 Ignoring INF. MODULE_TYPE or suppored phases not HOST_APPLICATION MdeModulePkg/Library/DxeFileExplorerProtocol/DxeFileExplorerProtocol.inf
 Ignoring INF. MODULE_TYPE or suppored phases not HOST_APPLICATION MdeModulePkg/Library/DxeCapsuleLibNull/DxeCapsuleLibNull.inf
 Ignoring INF. MODULE_TYPE or suppored phases not HOST_APPLICATION MdeModulePkg/Library/DxeCorePerformanceLib/DxeCorePerformanceLib.inf
 Ignoring INF. MODULE_TYPE or suppored phases not HOST_APPLICATION MdeModulePkg/Library/BootManagerUiLib/BootManagerUiLib.inf
 Ignoring INF. MODULE_TYPE or suppored phases not HOST_APPLICATION MdeModulePkg/Library/BrotliCustomDecompressLib/BrotliCustomDecompressLib.inf
 Ignoring INF. MODULE_TYPE or suppored phases not HOST_APPLICATION MdeModulePkg/Library/PiSmmCoreMemoryAllocationLib/PiSmmCoreMemoryAllocationProfileLib.inf
 Ignoring INF. MODULE_TYPE or suppored phases not HOST_APPLICATION MdeModulePkg/Library/PiSmmCoreMemoryAllocationLib/PiSmmCoreMemoryAllocationLib.inf
 Ignoring INF. MODULE_TYPE or suppored phases not HOST_APPLICATION MdeModulePkg/Library/DxeIpmiLibIpmiProtocol/DxeIpmiLibIpmiProtocol.inf
 Ignoring INF. MODULE_TYPE or suppored phases not HOST_APPLICATION MdeModulePkg/Library/FileExplorerLib/FileExplorerLib.inf
 Ignoring INF. MODULE_TYPE or suppored phases not HOST_APPLICATION MdeModulePkg/Library/CpuExceptionHandlerLibNull/CpuExceptionHandlerLibNull.inf
 Ignoring INF. MODULE_TYPE or suppored phases not HOST_APPLICATION MdeModulePkg/Library/PeiDebugPrintHobLib/PeiDebugPrintHobLib.inf
 Ignoring INF. MODULE_TYPE or suppored phases not HOST_APPLICATION MdeModulePkg/Library/DxePerformanceLib/DxePerformanceLib.inf
 Ignoring INF. MODULE_TYPE or suppored phases not HOST_APPLICATION MdeModulePkg/Library/PeiDebugLibDebugPpi/PeiDebugLibDebugPpi.inf
 Ignoring INF. MODULE_TYPE or suppored phases not HOST_APPLICATION MdeModulePkg/Library/LzmaCustomDecompressLib/LzmaArchCustomDecompressLib.inf
 Ignoring INF. MODULE_TYPE or suppored phases not HOST_APPLICATION MdeModulePkg/Library/LzmaCustomDecompressLib/LzmaCustomDecompressLib.inf
 Ignoring INF. MODULE_TYPE or suppored phases not HOST_APPLICATION MdeModulePkg/Library/LockBoxNullLib/LockBoxNullLib.inf
 Ignoring INF. MODULE_TYPE or suppored phases not HOST_APPLICATION MdeModulePkg/Library/SmmSmiHandlerProfileLib/StandaloneMmSmiHandlerProfileLib.inf
 Ignoring INF. MODULE_TYPE or suppored phases not HOST_APPLICATION MdeModulePkg/Library/SmmSmiHandlerProfileLib/SmmSmiHandlerProfileLib.inf
 Ignoring INF. MODULE_TYPE or suppored phases not HOST_APPLICATION MdeModulePkg/Library/DxeCrc32GuidedSectionExtractLib/DxeCrc32GuidedSectionExtractLib.inf
 Ignoring INF. MODULE_TYPE or suppored phases not HOST_APPLICATION MdeModulePkg/Library/PeiIpmiLibIpmiPpi/PeiIpmiLibIpmiPpi.inf
 Ignoring INF. MODULE_TYPE or suppored phases not HOST_APPLICATION MdeModulePkg/Logo/LogoDxe.inf
 Ignoring INF. MODULE_TYPE or suppored phases not HOST_APPLICATION MdeModulePkg/Logo/Logo.inf
 </system-out><system-err>HostUnitTestDscCompleteCheck.IgnoreInf -&gt;  not found in filesystem.  Invalid ignore file
 </system-err></testcase><testcase classname="Edk2CiBuild.Edk2.MdeModulePkg.HostUnitTestCompiler.X64" name="Compile and Run Host-Based UnitTests for Edk2CiBuild.Edk2.MdeModulePkg on arch X64" time="1.5998427867889404"><system-out></system-out><system-err></system-err></testcase><testcase classname="Edk2CiBuild.Edk2.MdeModulePkg.SpellCheck" name="Spell check files in Edk2CiBuild.Edk2.MdeModulePkg" time="0.016324520111083984"><skipped type="skipped">Node version: v12.21.0
 </skipped><system-out>Node version: v12.21.0
 </system-out><system-err>cspell not installed.  Test can't run
 </system-err></testcase><testcase classname="Edk2CiBuild.Edk2.MdeModulePkg.CharEncodingCheck" name="Check for valid file encoding for Edk2CiBuild.Edk2.MdeModulePkg" time="0.2646918296813965"><system-out>Ignoring File MdeModulePkg/Universal/RegularExpressionDxe/oniguruma/test/testc.c
 Ignoring File MdeModulePkg/Universal/RegularExpressionDxe/oniguruma/windows/testc.c
 Ignoring File MdeModulePkg/Universal/RegularExpressionDxe/oniguruma/test/testc.c
 Ignoring File MdeModulePkg/Universal/RegularExpressionDxe/oniguruma/windows/testc.c
 Ignoring File MdeModulePkg/Universal/RegularExpressionDxe/oniguruma/test/testc.c
 Ignoring File MdeModulePkg/Universal/RegularExpressionDxe/oniguruma/windows/testc.c
 Ignoring File MdeModulePkg/Universal/RegularExpressionDxe/oniguruma/test/testc.c
 Ignoring File MdeModulePkg/Universal/RegularExpressionDxe/oniguruma/windows/testc.c
 Ignoring File MdeModulePkg/Universal/RegularExpressionDxe/oniguruma/test/testc.c
 Ignoring File MdeModulePkg/Universal/RegularExpressionDxe/oniguruma/windows/testc.c
 Ignoring File MdeModulePkg/Universal/RegularExpressionDxe/oniguruma/test/testc.c
 Ignoring File MdeModulePkg/Universal/RegularExpressionDxe/oniguruma/windows/testc.c
 Ignoring File MdeModulePkg/Universal/RegularExpressionDxe/oniguruma/test/testc.c
 Ignoring File MdeModulePkg/Universal/RegularExpressionDxe/oniguruma/windows/testc.c
 Ignoring File MdeModulePkg/Universal/RegularExpressionDxe/oniguruma/test/testc.c
 Ignoring File MdeModulePkg/Universal/RegularExpressionDxe/oniguruma/windows/testc.c
 Ignoring File MdeModulePkg/Universal/RegularExpressionDxe/oniguruma/test/testc.c
 Ignoring File MdeModulePkg/Universal/RegularExpressionDxe/oniguruma/windows/testc.c
 Ignoring File MdeModulePkg/Universal/RegularExpressionDxe/oniguruma/test/testc.c
 Ignoring File MdeModulePkg/Universal/RegularExpressionDxe/oniguruma/windows/testc.c
 Ignoring File MdeModulePkg/Universal/RegularExpressionDxe/oniguruma/test/testc.c
 Ignoring File MdeModulePkg/Universal/RegularExpressionDxe/oniguruma/windows/testc.c
 Ignoring File MdeModulePkg/Universal/RegularExpressionDxe/oniguruma/test/testc.c
 Ignoring File MdeModulePkg/Universal/RegularExpressionDxe/oniguruma/windows/testc.c
 Ignoring File MdeModulePkg/Universal/RegularExpressionDxe/oniguruma/test/testc.c
 Ignoring File MdeModulePkg/Universal/RegularExpressionDxe/oniguruma/windows/testc.c
 Tested Encoding on 1857 files
 </system-out><system-err>CharEncodingCheck.IgnoreInf -&gt; MdeModulePkg/Universal/RegularExpressionDxe/oniguruma/test/testc.c not found in filesystem.  Invalid ignore file
 CharEncodingCheck.IgnoreInf -&gt; MdeModulePkg/Universal/RegularExpressionDxe/oniguruma/windows/testc.c not found in filesystem.  Invalid ignore file
 CharEncodingCheck.IgnoreInf -&gt; MdeModulePkg/Universal/RegularExpressionDxe/oniguruma/test/testc.c not found in filesystem.  Invalid ignore file
 CharEncodingCheck.IgnoreInf -&gt; MdeModulePkg/Universal/RegularExpressionDxe/oniguruma/windows/testc.c not found in filesystem.  Invalid ignore file
 CharEncodingCheck.IgnoreInf -&gt; MdeModulePkg/Universal/RegularExpressionDxe/oniguruma/test/testc.c not found in filesystem.  Invalid ignore file
 CharEncodingCheck.IgnoreInf -&gt; MdeModulePkg/Universal/RegularExpressionDxe/oniguruma/windows/testc.c not found in filesystem.  Invalid ignore file
 CharEncodingCheck.IgnoreInf -&gt; MdeModulePkg/Universal/RegularExpressionDxe/oniguruma/test/testc.c not found in filesystem.  Invalid ignore file
 CharEncodingCheck.IgnoreInf -&gt; MdeModulePkg/Universal/RegularExpressionDxe/oniguruma/windows/testc.c not found in filesystem.  Invalid ignore file
 CharEncodingCheck.IgnoreInf -&gt; MdeModulePkg/Universal/RegularExpressionDxe/oniguruma/test/testc.c not found in filesystem.  Invalid ignore file
 CharEncodingCheck.IgnoreInf -&gt; MdeModulePkg/Universal/RegularExpressionDxe/oniguruma/windows/testc.c not found in filesystem.  Invalid ignore file
 CharEncodingCheck.IgnoreInf -&gt; MdeModulePkg/Universal/RegularExpressionDxe/oniguruma/test/testc.c not found in filesystem.  Invalid ignore file
 CharEncodingCheck.IgnoreInf -&gt; MdeModulePkg/Universal/RegularExpressionDxe/oniguruma/windows/testc.c not found in filesystem.  Invalid ignore file
 CharEncodingCheck.IgnoreInf -&gt; MdeModulePkg/Universal/RegularExpressionDxe/oniguruma/test/testc.c not found in filesystem.  Invalid ignore file
 CharEncodingCheck.IgnoreInf -&gt; MdeModulePkg/Universal/RegularExpressionDxe/oniguruma/windows/testc.c not found in filesystem.  Invalid ignore file
 CharEncodingCheck.IgnoreInf -&gt; MdeModulePkg/Universal/RegularExpressionDxe/oniguruma/test/testc.c not found in filesystem.  Invalid ignore file
 CharEncodingCheck.IgnoreInf -&gt; MdeModulePkg/Universal/RegularExpressionDxe/oniguruma/windows/testc.c not found in filesystem.  Invalid ignore file
 CharEncodingCheck.IgnoreInf -&gt; MdeModulePkg/Universal/RegularExpressionDxe/oniguruma/test/testc.c not found in filesystem.  Invalid ignore file
 CharEncodingCheck.IgnoreInf -&gt; MdeModulePkg/Universal/RegularExpressionDxe/oniguruma/windows/testc.c not found in filesystem.  Invalid ignore file
 CharEncodingCheck.IgnoreInf -&gt; MdeModulePkg/Universal/RegularExpressionDxe/oniguruma/test/testc.c not found in filesystem.  Invalid ignore file
 CharEncodingCheck.IgnoreInf -&gt; MdeModulePkg/Universal/RegularExpressionDxe/oniguruma/windows/testc.c not found in filesystem.  Invalid ignore file
 CharEncodingCheck.IgnoreInf -&gt; MdeModulePkg/Universal/RegularExpressionDxe/oniguruma/test/testc.c not found in filesystem.  Invalid ignore file
 CharEncodingCheck.IgnoreInf -&gt; MdeModulePkg/Universal/RegularExpressionDxe/oniguruma/windows/testc.c not found in filesystem.  Invalid ignore file
 CharEncodingCheck.IgnoreInf -&gt; MdeModulePkg/Universal/RegularExpressionDxe/oniguruma/test/testc.c not found in filesystem.  Invalid ignore file
 CharEncodingCheck.IgnoreInf -&gt; MdeModulePkg/Universal/RegularExpressionDxe/oniguruma/windows/testc.c not found in filesystem.  Invalid ignore file
 </system-err></testcase><testcase classname="Edk2CiBuild.Edk2.MdeModulePkg.Compiler.DEBUG" name="Compile Edk2CiBuild.Edk2.MdeModulePkg DEBUG" time="10.922452688217163"><system-out></system-out><system-err></system-err></testcase><testcase classname="Edk2CiBuild.Edk2.MdeModulePkg.Compiler.RELEASE" name="Compile Edk2CiBuild.Edk2.MdeModulePkg RELEASE" time="11.313517570495605"><system-out></system-out><system-err></system-err></testcase><testcase classname="Edk2CiBuild.Edk2.MdeModulePkg.DscCompleteCheck" name="Check the Edk2CiBuild.Edk2.MdeModulePkg DSC for a being complete" time="0.04259204864501953"><system-out>Ignoring INF.  Module type is HOST_APPLICATION MdeModulePkg/Universal/Variable/RuntimeDxe/RuntimeDxeUnitTest/VariableLockRequestToLockUnitTest.inf
 Ignoring Library INF due to only supporting type HOST_APPLICATION MdeModulePkg/Library/DxeResetSystemLib/UnitTest/MockUefiRuntimeServicesTableLib.inf
 Ignoring INF.  Module type is HOST_APPLICATION MdeModulePkg/Library/DxeResetSystemLib/UnitTest/DxeResetSystemLibUnitTestHost.inf
 </system-out><system-err></system-err></testcase><testcase classname="Edk2CiBuild.Edk2.MdeModulePkg.DependencyCheck" name="Test Package Dependencies for modules in Edk2CiBuild.Edk2.MdeModulePkg" time="0.09759140014648438"><system-out>Acceptable Dependencies:
 MdePkg/MdePkg.dec
[...]
 </system-err></testcase><testcase classname="Edk2CiBuild.Edk2.FatPkg.GuidCheck" name="Confirm GUIDs are unique in Edk2CiBuild.Edk2.FatPkg" time="1.689967393875122"><system-out></system-out><system-err></system-err></testcase><testcase classname="Edk2CiBuild.Edk2.FatPkg.HostUnitTestDscCompleteCheck" name="Check the Edk2CiBuild.Edk2.FatPkg Host Unit Test DSC for a being complete" time="3.0040740966796875e-05"><skipped type="skipped"></skipped><system-out></system-out><system-err>DscPath not found in config file.  Nothing to check.
 </system-err></testcase><testcase classname="Edk2CiBuild.Edk2.FatPkg.HostUnitTestCompiler.X64" name="Compile and Run Host-Based UnitTests for Edk2CiBuild.Edk2.FatPkg on arch X64" time="5.221366882324219e-05"><skipped type="skipped"></skipped><system-out></system-out><system-err>DscPath not found in config file.  Nothing to compile for HostBasedUnitTests.
 </system-err></testcase><testcase classname="Edk2CiBuild.Edk2.FatPkg.SpellCheck" name="Spell check files in Edk2CiBuild.Edk2.FatPkg" time="0.0164487361907959"><skipped type="skipped">Node version: v12.21.0
 </skipped><system-out>Node version: v12.21.0
 </system-out><system-err>cspell not installed.  Test can't run
 </system-err></testcase><testcase classname="Edk2CiBuild.Edk2.FatPkg.CharEncodingCheck" name="Check for valid file encoding for Edk2CiBuild.Edk2.FatPkg" time="0.005113363265991211"><system-out>Tested Encoding on 40 files
 </system-out><system-err></system-err></testcase><testcase classname="Edk2CiBuild.Edk2.FatPkg.Compiler.DEBUG" name="Compile Edk2CiBuild.Edk2.FatPkg DEBUG" time="5.679653167724609"><system-out></system-out><system-err></system-err></testcase><testcase classname="Edk2CiBuild.Edk2.FatPkg.Compiler.RELEASE" name="Compile Edk2CiBuild.Edk2.FatPkg RELEASE" time="5.528577566146851"><system-out></system-out><system-err></system-err></testcase><testcase classname="Edk2CiBuild.Edk2.FatPkg.DscCompleteCheck" name="Check the Edk2CiBuild.Edk2.FatPkg DSC for a being complete" time="0.0027947425842285156"><system-out></system-out><system-err></system-err></testcase><testcase classname="Edk2CiBuild.Edk2.FatPkg.DependencyCheck" name="Test Package Dependencies for modules in Edk2CiBuild.Edk2.FatPkg" time="0.0009493827819824219"><system-out>Acceptable Dependencies:
 MdePkg/MdePkg.dec
MdeModulePkg/MdeModulePkg.dec
 Additional dependencies for MODULE_TYPE HOST_APPLICATION:
 Additional dependencies for MODULE_TYPE UEFI_APPLICATION:
 </system-out><system-err></system-err></testcase><testcase classname="Edk2CiBuild.Edk2.FatPkg.EccCheck" name="Check for efi coding style for Edk2CiBuild.Edk2.FatPkg" time="0.10352683067321777"><system-out></system-out><system-err></system-err></testcase></testsuite><testsuite id="15" name="CryptoPkg" package="Edk2CiBuild.Edk2.CryptoPkg" errors="0" tests="12" failures="0" skipped="2"><testcase classname="Edk2CiBuild.Edk2.CryptoPkg.LicenseCheck" name="Check for license for Edk2CiBuild.Edk2.CryptoPkg" time="0.0033979415893554688"><system-out></system-out><system-err></system-err></testcase><testcase classname="Edk2CiBuild.Edk2.CryptoPkg.LibraryClassCheck" name="Check library class declarations in Edk2CiBuild.Edk2.CryptoPkg" time="0.000698089599609375"><system-out></system-out><system-err></system-err></testcase><testcase classname="Edk2CiBuild.Edk2.CryptoPkg.GuidCheck" name="Confirm GUIDs are unique in Edk2CiBuild.Edk2.CryptoPkg" time="1.6726889610290527"><system-out></system-out><system-err></system-err></testcase><testcase classname="Edk2CiBuild.Edk2.CryptoPkg.HostUnitTestDscCompleteCheck" name="Check the Edk2CiBuild.Edk2.CryptoPkg Host Unit Test DSC for a being complete" time="3.0040740966796875e-05"><skipped type="skipped"></skipped><system-out></system-out><system-err>DscPath not found in config file.  Nothing to check.
 </system-err></testcase><testcase classname="Edk2CiBuild.Edk2.CryptoPkg.HostUnitTestCompiler.X64" name="Compile and Run Host-Based UnitTests for Edk2CiBuild.Edk2.CryptoPkg on arch X64" time="24.260971307754517"><system-out></system-out><system-err></system-err></testcase><testcase classname="Edk2CiBuild.Edk2.CryptoPkg.SpellCheck" name="Spell check files in Edk2CiBuild.Edk2.CryptoPkg" time="0.0002620220184326172"><skipped type="skipped"></skipped><system-out></system-out><system-err></system-err></testcase><testcase classname="Edk2CiBuild.Edk2.CryptoPkg.CharEncodingCheck" name="Check for valid file encoding for Edk2CiBuild.Edk2.CryptoPkg" time="0.36602067947387695"><system-out>Tested Encoding on 1446 files
 </system-out><system-err></system-err></testcase><testcase classname="Edk2CiBuild.Edk2.CryptoPkg.Compiler.DEBUG" name="Compile Edk2CiBuild.Edk2.CryptoPkg DEBUG" time="23.147717714309692"><system-out></system-out><system-err></system-err></testcase><testcase classname="Edk2CiBuild.Edk2.CryptoPkg.Compiler.RELEASE" name="Compile Edk2CiBuild.Edk2.CryptoPkg RELEASE" time="23.260939836502075"><system-out></system-out><system-err></system-err></testcase><testcase classname="Edk2CiBuild.Edk2.CryptoPkg.DscCompleteCheck" name="Check the Edk2CiBuild.Edk2.CryptoPkg DSC for a being complete" time="0.029654741287231445"><system-out>Ignoring INF CryptoPkg/Library/OpensslLib/OpensslLibX64.inf
 Ignoring INF CryptoPkg/Library/OpensslLib/OpensslLibX64Gcc.inf
 Ignoring INF.  Module type is HOST_APPLICATION CryptoPkg/Test/UnitTest/Library/BaseCryptLib/TestBaseCryptLibHost.inf
 Ignoring Library INF due to only supporting type HOST_APPLICATION CryptoPkg/Library/BaseCryptLib/UnitTestHostBaseCryptLib.inf
 </system-out><system-err></system-err></testcase><testcase classname="Edk2CiBuild.Edk2.CryptoPkg.DependencyCheck" name="Test Package Dependencies for modules in Edk2CiBuild.Edk2.CryptoPkg" time="0.02628779411315918"><system-out>Acceptable Dependencies:
 MdePkg/MdePkg.dec
MdeModulePkg/MdeModulePkg.dec
CryptoPkg/CryptoPkg.dec
 Additional dependencies for MODULE_TYPE HOST_APPLICATION:
 Additional dependencies for MODULE_TYPE UEFI_APPLICATION:
 </system-out><system-err></system-err></testcase><testcase classname="Edk2CiBuild.Edk2.CryptoPkg.EccCheck" name="Check for efi coding style for Edk2CiBuild.Edk2.CryptoPkg" time="0.9939594268798828"><system-out></system-out><system-err></system-err></testcase></testsuite><testsuite id="16" name="UnitTestFrameworkPkg" package="Edk2CiBuild.Edk2.UnitTestFrameworkPkg" errors="0" tests="12" failures="0" skipped="1"><testcase classname="Edk2CiBuild.Edk2.UnitTestFrameworkPkg.LicenseCheck" name="Check for license for Edk2CiBuild.Edk2.UnitTestFrameworkPkg" time="0.004536628723144531"><system-out></system-out><system-err></system-err></testcase><testcase classname="Edk2CiBuild.Edk2.UnitTestFrameworkPkg.LibraryClassCheck" name="Check library class declarations in Edk2CiBuild.Edk2.UnitTestFrameworkPkg" time="0.0006921291351318359"><system-out></system-out><system-err></system-err></testcase><testcase classname="Edk2CiBuild.Edk2.UnitTestFrameworkPkg.GuidCheck" name="Confirm GUIDs are unique in Edk2CiBuild.Edk2.UnitTestFrameworkPkg" time="1.679271936416626"><system-out></system-out><system-err></system-err></testcase><testcase classname="Edk2CiBuild.Edk2.UnitTestFrameworkPkg.HostUnitTestDscCompleteCheck" name="Check the Edk2CiBuild.Edk2.UnitTestFrameworkPkg Host Unit Test DSC for a being complete" time="0.013196468353271484"><system-out>Ignoring INF. MODULE_TYPE or suppored phases not HOST_APPLICATION UnitTestFrameworkPkg/Test/UnitTest/Sample/SampleUnitTest/SampleUnitTestPei.inf
 Ignoring INF. MODULE_TYPE or suppored phases not HOST_APPLICATION UnitTestFrameworkPkg/Test/UnitTest/Sample/SampleUnitTest/SampleUnitTestUefiShell.inf
 Ignoring INF. MODULE_TYPE or suppored phases not HOST_APPLICATION UnitTestFrameworkPkg/Test/UnitTest/Sample/SampleUnitTest/SampleUnitTestSmm.inf
 Ignoring INF. MODULE_TYPE or suppored phases not HOST_APPLICATION UnitTestFrameworkPkg/Test/UnitTest/Sample/SampleUnitTest/SampleUnitTestDxe.inf
 Ignoring INF. MODULE_TYPE or suppored phases not HOST_APPLICATION UnitTestFrameworkPkg/Library/UnitTestPersistenceLibSimpleFileSystem/UnitTestPersistenceLibSimpleFileSystem.inf
 Ignoring INF. MODULE_TYPE or suppored phases not HOST_APPLICATION UnitTestFrameworkPkg/Library/UnitTestLib/UnitTestLib.inf
 Ignoring INF. MODULE_TYPE or suppored phases not HOST_APPLICATION UnitTestFrameworkPkg/Library/UnitTestDebugAssertLib/UnitTestDebugAssertLib.inf
 Ignoring INF. MODULE_TYPE or suppored phases not HOST_APPLICATION UnitTestFrameworkPkg/Library/UnitTestBootLibNull/UnitTestBootLibNull.inf
 Ignoring INF. MODULE_TYPE or suppored phases not HOST_APPLICATION UnitTestFrameworkPkg/Library/UnitTestResultReportLib/UnitTestResultReportLibDebugLib.inf
 Ignoring INF. MODULE_TYPE or suppored phases not HOST_APPLICATION UnitTestFrameworkPkg/Library/UnitTestResultReportLib/UnitTestResultReportLibConOut.inf
 Ignoring INF. MODULE_TYPE or suppored phases not HOST_APPLICATION UnitTestFrameworkPkg/Library/UnitTestBootLibUsbClass/UnitTestBootLibUsbClass.inf
 Ignoring INF. MODULE_TYPE or suppored phases not HOST_APPLICATION UnitTestFrameworkPkg/Library/UnitTestPersistenceLibNull/UnitTestPersistenceLibNull.inf
 </system-out><system-err></system-err></testcase><testcase classname="Edk2CiBuild.Edk2.UnitTestFrameworkPkg.HostUnitTestCompiler.X64" name="Compile and Run Host-Based UnitTests for Edk2CiBuild.Edk2.UnitTestFrameworkPkg on arch X64" time="2.2221648693084717"><system-out></system-out><system-err></system-err></testcase><testcase classname="Edk2CiBuild.Edk2.UnitTestFrameworkPkg.SpellCheck" name="Spell check files in Edk2CiBuild.Edk2.UnitTestFrameworkPkg" time="0.017851829528808594"><skipped type="skipped">Node version: v12.21.0
 </skipped><system-out>Node version: v12.21.0
 </system-out><system-err>cspell not installed.  Test can't run
 </system-err></testcase><testcase classname="Edk2CiBuild.Edk2.UnitTestFrameworkPkg.CharEncodingCheck" name="Check for valid file encoding for Edk2CiBuild.Edk2.UnitTestFrameworkPkg" time="0.01906895637512207"><system-out>Tested Encoding on 110 files
 </system-out><system-err></system-err></testcase><testcase classname="Edk2CiBuild.Edk2.UnitTestFrameworkPkg.Compiler.DEBUG" name="Compile Edk2CiBuild.Edk2.UnitTestFrameworkPkg DEBUG" time="4.684964179992676"><system-out></system-out><system-err></system-err></testcase><testcase classname="Edk2CiBuild.Edk2.UnitTestFrameworkPkg.Compiler.RELEASE" name="Compile Edk2CiBuild.Edk2.UnitTestFrameworkPkg RELEASE" time="4.561242341995239"><system-out></system-out><system-err></system-err></testcase><testcase classname="Edk2CiBuild.Edk2.UnitTestFrameworkPkg.DscCompleteCheck" name="Check the Edk2CiBuild.Edk2.UnitTestFrameworkPkg DSC for a being complete" time="0.006542682647705078"><system-out>Ignoring INF.  Module type is HOST_APPLICATION UnitTestFrameworkPkg/Test/UnitTest/Sample/SampleUnitTest/SampleUnitTestHost.inf
 Ignoring Library INF due to only supporting type HOST_APPLICATION UnitTestFrameworkPkg/Library/CmockaLib/CmockaLib.inf
 Ignoring Library INF due to only supporting type HOST_APPLICATION UnitTestFrameworkPkg/Library/UnitTestLib/UnitTestLibCmocka.inf
 Ignoring Library INF due to only supporting type HOST_APPLICATION UnitTestFrameworkPkg/Library/Posix/DebugLibPosix/DebugLibPosix.inf
 Ignoring Library INF due to only supporting type HOST_APPLICATION UnitTestFrameworkPkg/Library/Posix/MemoryAllocationLibPosix/MemoryAllocationLibPosix.inf
 </system-out><system-err></system-err></testcase><testcase classname="Edk2CiBuild.Edk2.UnitTestFrameworkPkg.DependencyCheck" name="Test Package Dependencies for modules in Edk2CiBuild.Edk2.UnitTestFrameworkPkg" time="0.006652116775512695"><system-out>Acceptable Dependencies:
 MdePkg/MdePkg.dec
UnitTestFrameworkPkg/UnitTestFrameworkPkg.dec
 Additional dependencies for MODULE_TYPE HOST_APPLICATION:
 Additional dependencies for MODULE_TYPE UEFI_APPLICATION:
 MdeModulePkg/MdeModulePkg.dec
ShellPkg/ShellPkg.dec
 </system-out><system-err></system-err></testcase><testcase classname="Edk2CiBuild.Edk2.UnitTestFrameworkPkg.EccCheck" name="Check for efi coding style for Edk2CiBuild.Edk2.UnitTestFrameworkPkg" time="0.12016916275024414"><system-out></system-out><system-err></system-err></testcase></testsuite><testsuite id="17" name="OvmfPkg" package="Edk2CiBuild.Edk2.OvmfPkg" errors="0" tests="12" failures="0" skipped="7"><testcase classname="Edk2CiBuild.Edk2.OvmfPkg.LicenseCheck" name="Check for license for Edk2CiBuild.Edk2.OvmfPkg" time="0.003061532974243164"><system-out></system-out><system-err></system-err></testcase><testcase classname="Edk2CiBuild.Edk2.OvmfPkg.LibraryClassCheck" name="Check library class declarations in Edk2CiBuild.Edk2.OvmfPkg" time="0.0024230480194091797"><system-out></system-out><system-err></system-err></testcase><testcase classname="Edk2CiBuild.Edk2.OvmfPkg.GuidCheck" name="Confirm GUIDs are unique in Edk2CiBuild.Edk2.OvmfPkg" time="1.6856350898742676"><system-out>Ignoring Guid ResetVector
 Ignoring Guid XenResetVector
 GuidCheck.IgnoreDuplicates -&gt; gGrubFileGuid=Grub
 </system-out><system-err></system-err></testcase><testcase classname="Edk2CiBuild.Edk2.OvmfPkg.HostUnitTestDscCompleteCheck" name="Check the Edk2CiBuild.Edk2.OvmfPkg Host Unit Test DSC for a being complete" time="9.34600830078125e-05"><skipped type="skipped"></skipped><system-out></system-out><system-err>Package Host Unit Test Dsc not found
 </system-err></testcase><testcase classname="Edk2CiBuild.Edk2.OvmfPkg.HostUnitTestCompiler.X64" name="Compile and Run Host-Based UnitTests for Edk2CiBuild.Edk2.OvmfPkg on arch X64" time="0.0001163482666015625"><skipped type="skipped"></skipped><system-out></system-out><system-err>Package HostBasedUnitTest Dsc not found.
 </system-err></testcase><testcase classname="Edk2CiBuild.Edk2.OvmfPkg.SpellCheck" name="Spell check files in Edk2CiBuild.Edk2.OvmfPkg" time="0.018482208251953125"><skipped type="skipped">Node version: v12.21.0
 </skipped><system-out>Node version: v12.21.0
 </system-out><system-err>cspell not installed.  Test can't run
 </system-err></testcase><testcase classname="Edk2CiBuild.Edk2.OvmfPkg.CharEncodingCheck" name="Check for valid file encoding for Edk2CiBuild.Edk2.OvmfPkg" time="0.09406232833862305"><system-out>Tested Encoding on 645 files
 </system-out><system-err></system-err></testcase><testcase classname="Edk2CiBuild.Edk2.OvmfPkg.Compiler.DEBUG" name="Compile Edk2CiBuild.Edk2.OvmfPkg DEBUG" time="9.34600830078125e-05"><skipped type="skipped"></skipped><system-out></system-out><system-err>Package Dsc not found.
 </system-err></testcase><testcase classname="Edk2CiBuild.Edk2.OvmfPkg.Compiler.RELEASE" name="Compile Edk2CiBuild.Edk2.OvmfPkg RELEASE" time="7.271766662597656e-05"><skipped type="skipped"></skipped><system-out></system-out><system-err>Package Dsc not found.
 </system-err></testcase><testcase classname="Edk2CiBuild.Edk2.OvmfPkg.DscCompleteCheck" name="Check the Edk2CiBuild.Edk2.OvmfPkg DSC for a being complete" time="7.414817810058594e-05"><skipped type="skipped"></skipped><system-out></system-out><system-err>Package Dsc not found
 </system-err></testcase><testcase classname="Edk2CiBuild.Edk2.OvmfPkg.DependencyCheck" name="Test Package Dependencies for modules in Edk2CiBuild.Edk2.OvmfPkg" time="0.04938626289367676"><system-out>Acceptable Dependencies:
 CryptoPkg/CryptoPkg.dec
MdePkg/MdePkg.dec
MdeModulePkg/MdeModulePkg.dec
OvmfPkg/OvmfPkg.dec
NetworkPkg/NetworkPkg.dec
SecurityPkg/SecurityPkg.dec
UefiCpuPkg/UefiCpuPkg.dec
ShellPkg/ShellPkg.dec
EmbeddedPkg/EmbeddedPkg.dec
SourceLevelDebugPkg/SourceLevelDebugPkg.dec
 Additional dependencies for MODULE_TYPE HOST_APPLICATION:
 UnitTestFrameworkPkg/UnitTestFrameworkPkg.dec
 Additional dependencies for MODULE_TYPE UEFI_APPLICATION:
 </system-out><system-err></system-err></testcase><testcase classname="Edk2CiBuild.Edk2.OvmfPkg.EccCheck" name="Check for efi coding style for Edk2CiBuild.Edk2.OvmfPkg" time="2.7894973754882812e-05"><skipped type="skipped"></skipped><system-out></system-out><system-err></system-err></testcase></testsuite><testsuite id="18" name="RedfishPkg" package="Edk2CiBuild.Edk2.RedfishPkg" errors="0" tests="12" failures="0" skipped="3"><testcase classname="Edk2CiBuild.Edk2.RedfishPkg.LicenseCheck" name="Check for license for Edk2CiBuild.Edk2.RedfishPkg" time="0.004549980163574219"><system-out></system-out><system-err></system-err></testcase><testcase classname="Edk2CiBuild.Edk2.RedfishPkg.LibraryClassCheck" name="Check library class declarations in Edk2CiBuild.Edk2.RedfishPkg" time="0.001077890396118164"><system-out></system-out><system-err></system-err></testcase><testcase classname="Edk2CiBuild.Edk2.RedfishPkg.GuidCheck" name="Confirm GUIDs are unique in Edk2CiBuild.Edk2.RedfishPkg" time="1.685039758682251"><system-out></system-out><system-err></system-err></testcase><testcase classname="Edk2CiBuild.Edk2.RedfishPkg.HostUnitTestDscCompleteCheck" name="Check the Edk2CiBuild.Edk2.RedfishPkg Host Unit Test DSC for a being complete" time="2.9802322387695312e-05"><skipped type="skipped"></skipped><system-out></system-out><system-err>DscPath not found in config file.  Nothing to check.
 </system-err></testcase><testcase classname="Edk2CiBuild.Edk2.RedfishPkg.HostUnitTestCompiler.X64" name="Compile and Run Host-Based UnitTests for Edk2CiBuild.Edk2.RedfishPkg on arch X64" time="5.817413330078125e-05"><skipped type="skipped"></skipped><system-out></system-out><system-err>DscPath not found in config file.  Nothing to compile for HostBasedUnitTests.
 </system-err></testcase><testcase classname="Edk2CiBuild.Edk2.RedfishPkg.SpellCheck" name="Spell check files in Edk2CiBuild.Edk2.RedfishPkg" time="0.01764059066772461"><skipped type="skipped">Node version: v12.21.0
 </skipped><system-out>Node version: v12.21.0
 </system-out><system-err>cspell not installed.  Test can't run
 </system-err></testcase><testcase classname="Edk2CiBuild.Edk2.RedfishPkg.CharEncodingCheck" name="Check for valid file encoding for Edk2CiBuild.Edk2.RedfishPkg" time="0.037119150161743164"><system-out>Tested Encoding on 125 files
 </system-out><system-err></system-err></testcase><testcase classname="Edk2CiBuild.Edk2.RedfishPkg.Compiler.DEBUG" name="Compile Edk2CiBuild.Edk2.RedfishPkg DEBUG" time="5.096325397491455"><system-out></system-out><system-err></system-err></testcase><testcase classname="Edk2CiBuild.Edk2.RedfishPkg.Compiler.RELEASE" name="Compile Edk2CiBuild.Edk2.RedfishPkg RELEASE" time="5.353658437728882"><system-out></system-out><system-err></system-err></testcase><testcase classname="Edk2CiBuild.Edk2.RedfishPkg.DscCompleteCheck" name="Check the Edk2CiBuild.Edk2.RedfishPkg DSC for a being complete" time="0.0073506832122802734"><system-out></system-out><system-err></system-err></testcase><testcase classname="Edk2CiBuild.Edk2.RedfishPkg.DependencyCheck" name="Test Package Dependencies for modules in Edk2CiBuild.Edk2.RedfishPkg" time="0.006829500198364258"><system-out>Acceptable Dependencies:
 MdePkg/MdePkg.dec
MdeModulePkg/MdeModulePkg.dec
NetworkPkg/NetworkPkg.dec
RedfishPkg/RedfishPkg.dec
 Additional dependencies for MODULE_TYPE HOST_APPLICATION:
 Additional dependencies for MODULE_TYPE UEFI_APPLICATION:
 ShellPkg/ShellPkg.dec
 </system-out><system-err></system-err></testcase><testcase classname="Edk2CiBuild.Edk2.RedfishPkg.EccCheck" name="Check for efi coding style for Edk2CiBuild.Edk2.RedfishPkg" time="0.10551190376281738"><system-out></system-out><system-err></system-err></testcase></testsuite></testsuites>